[2025-05-02 14:41:02] 🔧 Step 1: Preparing environment for download tests...
🔧 Preparing environment for download functionality tests...
Creating cover_letter.md: /Users/bradygeorgen/Documents/workspace/pbradygeorgen/public/extracted/cover_letter.md
✅ Environment prepared for download functionality tests
[2025-05-02 14:41:02] ✅ Environment prepared successfully
[2025-05-02 14:41:02] 🧪 Step 2: Running download functionality tests...
🚀 [2025-05-02T19:41:02.124Z] Starting download functionality tests
🚀 [2025-05-02T19:41:02.126Z] Starting application in production mode...
🚀 [2025-05-02T19:41:02.150Z] Preparing environment for download tests...
📝 [2025-05-02T19:41:02.174Z] Prepare: 🔧 Preparing environment for download functionality tests...
📝 [2025-05-02T19:41:02.174Z] Prepare: ✅ Environment prepared for download functionality tests
✅ [2025-05-02T19:41:02.175Z] Environment prepared successfully
✅ [2025-05-02T19:41:02.175Z] Environment prepared, starting application...
❌ [2025-05-02T19:41:02.635Z] App error: ❌ ERROR: Extracted content not found at /Users/bradygeorgen/Documents/workspace/pbradygeorgen/public/extracted/resume_content.md
✅ [2025-05-02T19:42:02.222Z] Application is responding to requests
🚀 [2025-05-02T19:42:02.225Z] Starting test: Download pdf - Normal content download
✅ [2025-05-02T19:42:02.228Z] Test "Download pdf - Normal content download": PASSED
🚀 [2025-05-02T19:42:02.228Z] Starting test: Download markdown - Normal content download
❌ [2025-05-02T19:42:02.259Z] Test "Download markdown - Normal content download": FAILED
❌ [2025-05-02T19:42:02.259Z] Error details: Missing expected patterns: ## Experience, skills, education
🚀 [2025-05-02T19:42:02.259Z] Starting test: Download text - Normal content download
❌ [2025-05-02T19:42:02.260Z] Test "Download text - Normal content download": FAILED
❌ [2025-05-02T19:42:02.260Z] Error details: Missing expected patterns: Experience, Education, Skills
🚀 [2025-05-02T19:42:02.260Z] Starting test: Download pdf - Empty content download (error handling)
📝 [2025-05-02T19:42:02.261Z] Backed up and replaced public/extracted/resume_content.md
📝 [2025-05-02T19:42:02.261Z] Backed up and replaced public/extracted/resume_content_analyzed.json
✅ [2025-05-02T19:42:02.262Z] Test "Download pdf - Empty content download (error handling)": PASSED
📝 [2025-05-02T19:42:02.262Z] Restored public/extracted/resume_content.md from backup
📝 [2025-05-02T19:42:02.262Z] Restored public/extracted/resume_content_analyzed.json from backup
🚀 [2025-05-02T19:42:02.262Z] Starting test: Download markdown - Empty content download (error handling)
📝 [2025-05-02T19:42:02.262Z] Backed up and replaced public/extracted/resume_content.md
📝 [2025-05-02T19:42:02.263Z] Backed up and replaced public/extracted/resume_content_analyzed.json
✅ [2025-05-02T19:42:02.263Z] Test "Download markdown - Empty content download (error handling)": PASSED
📝 [2025-05-02T19:42:02.263Z] Restored public/extracted/resume_content.md from backup
📝 [2025-05-02T19:42:02.263Z] Restored public/extracted/resume_content_analyzed.json from backup
🚀 [2025-05-02T19:42:02.263Z] Starting test: Download text - Empty content download (error handling)
📝 [2025-05-02T19:42:02.263Z] Backed up and replaced public/extracted/resume_content.md
📝 [2025-05-02T19:42:02.263Z] Backed up and replaced public/extracted/resume_content_analyzed.json
✅ [2025-05-02T19:42:02.264Z] Test "Download text - Empty content download (error handling)": PASSED
📝 [2025-05-02T19:42:02.264Z] Restored public/extracted/resume_content.md from backup
📝 [2025-05-02T19:42:02.264Z] Restored public/extracted/resume_content_analyzed.json from backup
✅ [2025-05-02T19:42:02.265Z] Test report generated at /var/folders/pv/kch72mrs6sq47gnqg973697r0000gn/T/download-test/test-report.json
✅ [2025-05-02T19:42:02.265Z] HTML report generated at /var/folders/pv/kch72mrs6sq47gnqg973697r0000gn/T/download-test/test-report.html
🏁 [2025-05-02T19:42:02.265Z] Tests completed
📝 [2025-05-02T19:42:02.265Z] Total: 6, Passed: 4, Failed: 2, Skipped: 0
📝 [2025-05-02T19:42:02.266Z] Stopping application...
✅ [2025-05-02T19:42:02.266Z] Application stopped
[2025-05-02 14:42:02] ❌ Download functionality tests failed. See test report for details.
