   â–² Next.js 15.3.1
   - Local:        http://localhost:3000
   - Network:      http://0.0.0.0:3000

 âœ“ Starting...
 âœ“ Ready in 90ms
ğŸ“¦âœ… [Derrida:Cache:Hit] Loaded PDF fingerprint: 8c8e9a29...
ğŸ“¦âŒ [Derrida:Cache:Miss] No cache file found
ğŸ“¦âœ… [Derrida:Cache:Hit] Loaded PDF fingerprint: 8c8e9a29...
ğŸ“¦ğŸ—‘ï¸ [Derrida:Cache:Invalidate] Invalidated 2 cache items due to PDF change
ğŸ“¦âœ… [Derrida:Cache:Hit] Loaded 0 items from cache
ğŸ“¦âœ… [Derrida:Cache:Hit] Loaded PDF fingerprint: 8c8e9a29...
ğŸ“¦ğŸ—‘ï¸ [Derrida:Cache:Invalidate] Invalidated 1 cache items due to PDF change
ğŸ“¦âœ… [Derrida:Cache:Hit] Loaded 0 items from cache
Failed to import Amplify: Error: Cannot find module 'aws-amplify'
    at <unknown> (.next/server/chunks/9576.js:1:1287)
    at 58654 (.next/server/chunks/9576.js:1:1363)
    at t (.next/server/webpack-runtime.js:1:143)
    at 10491 (.next/server/app/api/cover-letter/route.js:1:458)
    at t (.next/server/webpack-runtime.js:1:143)
    at r (.next/server/app/api/cover-letter/route.js:79:3957)
    at <unknown> (.next/server/app/api/cover-letter/route.js:79:4009)
    at t.X (.next/server/webpack-runtime.js:1:1285)
    at <unknown> (.next/server/app/api/cover-letter/route.js:79:3970)
    at Object.<anonymous> (.next/server/app/api/cover-letter/route.js:79:4037) {
  code: 'MODULE_NOT_FOUND'
}
Failed to import Storage from aws-amplify: Error: Cannot find module 'aws-amplify'
    at <unknown> (.next/server/chunks/9576.js:1:1551)
    at 58654 (.next/server/chunks/9576.js:1:1627)
    at t (.next/server/webpack-runtime.js:1:143)
    at 10491 (.next/server/app/api/cover-letter/route.js:1:458)
    at t (.next/server/webpack-runtime.js:1:143)
    at r (.next/server/app/api/cover-letter/route.js:79:3957)
    at <unknown> (.next/server/app/api/cover-letter/route.js:79:4009)
    at t.X (.next/server/webpack-runtime.js:1:1285)
    at <unknown> (.next/server/app/api/cover-letter/route.js:79:3970)
    at Object.<anonymous> (.next/server/app/api/cover-letter/route.js:79:4037) {
  code: 'MODULE_NOT_FOUND'
}
Failed to import pdf-parse: Error: ENOENT: no such file or directory, open './test/data/05-versions-space.pdf'
    at 36188 (.next/server/chunks/2037.js:1:530113)
    at t (.next/server/webpack-runtime.js:1:143)
    at 10491 (.next/server/app/api/cover-letter/route.js:1:473)
    at t (.next/server/webpack-runtime.js:1:143)
    at r (.next/server/app/api/cover-letter/route.js:79:3957)
    at <unknown> (.next/server/app/api/cover-letter/route.js:79:4009)
    at t.X (.next/server/webpack-runtime.js:1:1285)
    at <unknown> (.next/server/app/api/cover-letter/route.js:79:3970) {
  errno: -2,
  code: 'ENOENT',
  syscall: 'open',
  path: './test/data/05-versions-space.pdf'
}
Failed to import pdf-parse: Error: ENOENT: no such file or directory, open './test/data/05-versions-space.pdf'
    at 36188 (.next/server/chunks/2037.js:1:530113)
    at t (.next/server/webpack-runtime.js:1:143)
    at 25130 (.next/server/app/api/download/route.js:1:11612)
    at t (.next/server/webpack-runtime.js:1:143)
    at t (.next/server/app/api/download/route.js:1:18576)
    at <unknown> (.next/server/app/api/download/route.js:1:18628)
    at t.X (.next/server/webpack-runtime.js:1:1285)
    at <unknown> (.next/server/app/api/download/route.js:1:18589) {
  errno: -2,
  code: 'ENOENT',
  syscall: 'open',
  path: './test/data/05-versions-space.pdf'
}
ğŸ“¦âœ… [Derrida:Cache:Hit] Loaded PDF fingerprint: 8c8e9a29...
ğŸ“¦âŒ [Derrida:Cache:Miss] No cache file found
ğŸ“¦âœ… [Derrida:Cache:Hit] Loaded PDF fingerprint: 8c8e9a29...
ğŸ“¦ğŸ—‘ï¸ [Derrida:Cache:Invalidate] Invalidated 2 cache items due to PDF change
ğŸ“¦âœ… [Derrida:Cache:Hit] Loaded 0 items from cache
ğŸ“¦âœ… [Derrida:Cache:Hit] Loaded PDF fingerprint: 8c8e9a29...
ğŸ“¦ğŸ—‘ï¸ [Derrida:Cache:Invalidate] Invalidated 1 cache items due to PDF change
ğŸ“¦âœ… [Derrida:Cache:Hit] Loaded 0 items from cache
ğŸ“ğŸ” [Hesse:Summary:Start] Validating PDF content
[32m[2025-05-05T05:20:05.675Z] ğŸ˜‡â˜€ï¸ [Dante:Paradiso:4:Sun] Starting content validation[0m
ğŸ“ğŸ” [Hesse:Summary:Start] Validating analyzed content
ContentStateService initialized
ğŸ“ğŸ” [Hesse:Summary:Start] Content state service initialized
[32m[2025-05-05T05:20:05.675Z] ğŸ˜‡ğŸª [Dante:Paradiso:7:Saturn] ContentStateService initialized - beginning the journey[0m
Content has not been analyzed yet
[31m[2025-05-05T05:20:05.676Z] ğŸ‘‘ğŸŒŠ [Dante:Inferno:2:Lust] Content validation failed[0m
ğŸ“âŒ [Hesse:Summary:Error] Content validation failed
[31m[2025-05-05T05:20:05.676Z] ğŸ‘‘ğŸ’¢ [Dante:Inferno:5:Wrath] Summary generation failed: Content validation failed[0m
[32m[2025-05-05T05:20:05.823Z] ğŸ˜‡â˜€ï¸ [Dante:Paradiso:4:Sun] PDF content refreshed automatically[0m
ğŸ“ğŸ” [Hesse:Summary:Start] Getting analyzed content
ContentStateService initialized
ğŸ“ğŸ” [Hesse:Summary:Start] Content state service initialized
[32m[2025-05-05T05:20:05.830Z] ğŸ˜‡ğŸª [Dante:Paradiso:7:Saturn] ContentStateService initialized - beginning the journey[0m
Starting PDF processing pipeline
ğŸ“ğŸ” [Hesse:Summary:Start] Processing PDF content
PDF content is stale: fingerprint changed
Content state saved to file
Content state updated
ğŸ“â³ [Hesse:Summary:Progress] Content state updated
Extracting content from PDF
ğŸ“â³ [Hesse:Summary:Progress] Extracting content from PDF
Content extracted in 82ms
ğŸ“â³ [Hesse:Summary:Progress] Content extracted in 82ms
Content state saved to file
Content state updated
ğŸ“â³ [Hesse:Summary:Progress] Content state updated
Analyzing content with ChatGPT
ğŸ§ ğŸ” [Hesse:AI:Start] Analyzing content with ChatGPT
ğŸ§ ğŸ” [Hesse:AI:Start] Analyzing resume content with OpenAI
ğŸ“¦âŒ [Derrida:Cache:Miss] Cache miss for key: resume-a...
ğŸ¤–ğŸ” [Hesse:OpenAI:Request] Sending resume content to OpenAI for analysis
ğŸ“ğŸ” [Hesse:Summary:Start] Validating PDF content
[32m[2025-05-05T05:20:08.212Z] ğŸ˜‡â˜€ï¸ [Dante:Paradiso:4:Sun] Starting content validation[0m
ğŸ“ğŸ” [Hesse:Summary:Start] Validating analyzed content
Content has not been analyzed yet
[31m[2025-05-05T05:20:08.212Z] ğŸ‘‘ğŸŒŠ [Dante:Inferno:2:Lust] Content validation failed[0m
ğŸ“âŒ [Hesse:Summary:Error] Content validation failed
[31m[2025-05-05T05:20:08.212Z] ğŸ‘‘ğŸ’¢ [Dante:Inferno:5:Wrath] Summary generation failed: Content validation failed[0m
ğŸ“ğŸ” [Hesse:Summary:Start] Getting analyzed content
Starting PDF processing pipeline
ğŸ“ğŸ” [Hesse:Summary:Start] Processing PDF content
Extracting content from PDF
ğŸ“â³ [Hesse:Summary:Progress] Extracting content from PDF
Content extracted in 96ms
ğŸ“â³ [Hesse:Summary:Progress] Content extracted in 96ms
Content state saved to file
Content state updated
ğŸ“â³ [Hesse:Summary:Progress] Content state updated
Analyzing content with ChatGPT
ğŸ§ ğŸ” [Hesse:AI:Start] Analyzing content with ChatGPT
ğŸ§ ğŸ” [Hesse:AI:Start] Analyzing resume content with OpenAI
ğŸ“¦âŒ [Derrida:Cache:Miss] Cache miss for key: resume-a...
ğŸ¤–ğŸ” [Hesse:OpenAI:Request] Sending resume content to OpenAI for analysis
ğŸ¤–âœ… [Hesse:OpenAI:Response] OpenAI analysis completed in 22982ms
[32m[2025-05-05T05:20:28.902Z] ğŸ˜‡â˜€ï¸ [Dante:Paradiso:4:Sun] OpenAI response received: OpenAI analysis completed in 22982ms[0m
[32m[2025-05-05T05:20:28.902Z] ğŸ˜‡â˜€ï¸ [Dante:Paradiso:4:Sun] Resume content analyzed successfully with OpenAI[0m
ğŸ“¦ğŸ”„ [Derrida:Cache:Update] Saved 1 items to cache
ğŸ“¦ğŸ”„ [Derrida:Cache:Update] Stored item with key: resume-a...
Content analyzed in 22990ms
ğŸ§ âœ… [Hesse:AI:Success] Content analyzed in 22990ms
[32m[2025-05-05T05:20:28.904Z] ğŸ˜‡â˜€ï¸ [Dante:Paradiso:4:Sun] AI operation succeeded: Content analyzed in 22990ms[0m
Content state saved to file
Content state updated
ğŸ“â³ [Hesse:Summary:Progress] Content state updated
Validating analyzed content
ğŸ“â³ [Hesse:Summary:Progress] Validating analyzed content
Content validation successful
ğŸ“â³ [Hesse:Summary:Progress] Content validation successful
PDF processing pipeline completed successfully
ğŸ“âœ… [Hesse:Summary:Complete] PDF processing completed successfully
[32m[2025-05-05T05:20:28.910Z] ğŸ˜‡â˜€ï¸ [Dante:Paradiso:4:Sun] Summary generation completed: PDF processing completed successfully[0m
Analyzed content retrieved successfully
ğŸ“âœ… [Hesse:Summary:Complete] Analyzed content retrieved successfully
[32m[2025-05-05T05:20:28.910Z] ğŸ˜‡â˜€ï¸ [Dante:Paradiso:4:Sun] Summary generation completed: Analyzed content retrieved successfully[0m
ğŸ¤–âœ… [Hesse:OpenAI:Response] OpenAI analysis completed in 22589ms
[32m[2025-05-05T05:20:30.948Z] ğŸ˜‡â˜€ï¸ [Dante:Paradiso:4:Sun] OpenAI response received: OpenAI analysis completed in 22589ms[0m
[32m[2025-05-05T05:20:30.948Z] ğŸ˜‡â˜€ï¸ [Dante:Paradiso:4:Sun] Resume content analyzed successfully with OpenAI[0m
ğŸ“¦ğŸ”„ [Derrida:Cache:Update] Saved 1 items to cache
ğŸ“¦ğŸ”„ [Derrida:Cache:Update] Stored item with key: resume-a...
Content analyzed in 22623ms
ğŸ§ âœ… [Hesse:AI:Success] Content analyzed in 22623ms
[32m[2025-05-05T05:20:30.949Z] ğŸ˜‡â˜€ï¸ [Dante:Paradiso:4:Sun] AI operation succeeded: Content analyzed in 22623ms[0m
Content state saved to file
Content state updated
ğŸ“â³ [Hesse:Summary:Progress] Content state updated
Validating analyzed content
ğŸ“â³ [Hesse:Summary:Progress] Validating analyzed content
Content validation successful
ğŸ“â³ [Hesse:Summary:Progress] Content validation successful
PDF processing pipeline completed successfully
ğŸ“âœ… [Hesse:Summary:Complete] PDF processing completed successfully
[32m[2025-05-05T05:20:30.952Z] ğŸ˜‡â˜€ï¸ [Dante:Paradiso:4:Sun] Summary generation completed: PDF processing completed successfully[0m
Analyzed content retrieved successfully
ğŸ“âœ… [Hesse:Summary:Complete] Analyzed content retrieved successfully
[32m[2025-05-05T05:20:30.952Z] ğŸ˜‡â˜€ï¸ [Dante:Paradiso:4:Sun] Summary generation completed: Analyzed content retrieved successfully[0m
ğŸ“ğŸ” [Hesse:Summary:Start] Validating PDF content
[32m[2025-05-05T12:36:52.750Z] ğŸ˜‡â˜€ï¸ [Dante:Paradiso:4:Sun] Starting content validation[0m
ğŸ“ğŸ” [Hesse:Summary:Start] Validating analyzed content
Content has not been analyzed yet
[31m[2025-05-05T12:36:52.750Z] ğŸ‘‘ğŸŒŠ [Dante:Inferno:2:Lust] Content validation failed[0m
ğŸ“âŒ [Hesse:Summary:Error] Content validation failed
[31m[2025-05-05T12:36:52.750Z] ğŸ‘‘ğŸ’¢ [Dante:Inferno:5:Wrath] Summary generation failed: Content validation failed[0m
ğŸ“ğŸ” [Hesse:Summary:Start] Getting analyzed content
Starting PDF processing pipeline
ğŸ“ğŸ” [Hesse:Summary:Start] Processing PDF content
Extracting content from PDF
ğŸ“â³ [Hesse:Summary:Progress] Extracting content from PDF
Content extracted in 293ms
ğŸ“â³ [Hesse:Summary:Progress] Content extracted in 293ms
Content state saved to file
Content state updated
ğŸ“â³ [Hesse:Summary:Progress] Content state updated
Analyzing content with ChatGPT
ğŸ§ ğŸ” [Hesse:AI:Start] Analyzing content with ChatGPT
ğŸ§ ğŸ” [Hesse:AI:Start] Analyzing resume content with OpenAI
ğŸ“¦âœ… [Derrida:Cache:Hit] Cache hit for key: resume-a... (436 minutes old)
ğŸ§ â³ [Hesse:AI:Progress] Using cached OpenAI analysis
Content analyzed in 0ms
ğŸ§ âœ… [Hesse:AI:Success] Content analyzed in 0ms
[32m[2025-05-05T12:36:53.094Z] ğŸ˜‡â˜€ï¸ [Dante:Paradiso:4:Sun] AI operation succeeded: Content analyzed in 0ms[0m
Content state saved to file
Content state updated
ğŸ“â³ [Hesse:Summary:Progress] Content state updated
Validating analyzed content
ğŸ“â³ [Hesse:Summary:Progress] Validating analyzed content
Content validation successful
ğŸ“â³ [Hesse:Summary:Progress] Content validation successful
PDF processing pipeline completed successfully
ğŸ“âœ… [Hesse:Summary:Complete] PDF processing completed successfully
[32m[2025-05-05T12:36:53.096Z] ğŸ˜‡â˜€ï¸ [Dante:Paradiso:4:Sun] Summary generation completed: PDF processing completed successfully[0m
Analyzed content retrieved successfully
ğŸ“âœ… [Hesse:Summary:Complete] Analyzed content retrieved successfully
[32m[2025-05-05T12:36:53.096Z] ğŸ˜‡â˜€ï¸ [Dante:Paradiso:4:Sun] Summary generation completed: Analyzed content retrieved successfully[0m
ğŸ“ğŸ” [Hesse:Summary:Start] Validating PDF content
[32m[2025-05-05T20:14:03.453Z] ğŸ˜‡â˜€ï¸ [Dante:Paradiso:4:Sun] Starting content validation[0m
ğŸ“ğŸ” [Hesse:Summary:Start] Validating analyzed content
Content has not been analyzed yet
[31m[2025-05-05T20:14:03.454Z] ğŸ‘‘ğŸŒŠ [Dante:Inferno:2:Lust] Content validation failed[0m
ğŸ“âŒ [Hesse:Summary:Error] Content validation failed
[31m[2025-05-05T20:14:03.454Z] ğŸ‘‘ğŸ’¢ [Dante:Inferno:5:Wrath] Summary generation failed: Content validation failed[0m
ğŸ“ğŸ” [Hesse:Summary:Start] Getting analyzed content
Starting PDF processing pipeline
ğŸ“ğŸ” [Hesse:Summary:Start] Processing PDF content
Extracting content from PDF
ğŸ“â³ [Hesse:Summary:Progress] Extracting content from PDF
Error processing PDF: [Error: Command failed: node scripts/extract-pdf-text-improved.js "/Users/bradygeorgen/Documents/workspace/pbradygeorgen/.next/standalone/public/default_resume.pdf"
shell-init: error retrieving current directory: getcwd: cannot access parent directories: No such file or directory
node:internal/bootstrap/switches/does_own_process_state:144
    cachedCwd = rawMethods.cwd();
                           ^

Error: ENOENT: no such file or directory, uv_cwd
    at process.wrappedCwd [as cwd] (node:internal/bootstrap/switches/does_own_process_state:144:28)
    at node:path:1172:24
    at Object.resolve (node:path:1200:19)
    at resolveMainPath (node:internal/modules/run_main:34:38)
    at Function.executeUserEntryPoint [as runMain] (node:internal/modules/run_main:156:24)
    at node:internal/main/run_main_module:28:49 {
  errno: -2,
  code: 'ENOENT',
  syscall: 'uv_cwd'
}

Node.js v20.19.1
] {
  code: 1,
  killed: false,
  signal: null,
  cmd: 'node scripts/extract-pdf-text-improved.js "/Users/bradygeorgen/Documents/workspace/pbradygeorgen/.next/standalone/public/default_resume.pdf"',
  stdout: '',
  stderr: 'shell-init: error retrieving current directory: getcwd: cannot access parent directories: No such file or directory\n' +
    'node:internal/bootstrap/switches/does_own_process_state:144\n' +
    '    cachedCwd = rawMethods.cwd();\n' +
    '                           ^\n' +
    '\n' +
    'Error: ENOENT: no such file or directory, uv_cwd\n' +
    '    at process.wrappedCwd [as cwd] (node:internal/bootstrap/switches/does_own_process_state:144:28)\n' +
    '    at node:path:1172:24\n' +
    '    at Object.resolve (node:path:1200:19)\n' +
    '    at resolveMainPath (node:internal/modules/run_main:34:38)\n' +
    '    at Function.executeUserEntryPoint [as runMain] (node:internal/modules/run_main:156:24)\n' +
    '    at node:internal/main/run_main_module:28:49 {\n' +
    '  errno: -2,\n' +
    "  code: 'ENOENT',\n" +
    "  syscall: 'uv_cwd'\n" +
    '}\n' +
    '\n' +
    'Node.js v20.19.1\n'
}
ğŸ“âŒ [Hesse:Summary:Error] Error processing PDF: Error: Command failed: node scripts/extract-pdf-text-improved.js "/Users/bradygeorgen/Documents/workspace/pbradygeorgen/.next/standalone/public/default_resume.pdf"
shell-init: error retrieving current directory: getcwd: cannot access parent directories: No such file or directory
node:internal/bootstrap/switches/does_own_process_state:144
    cachedCwd = rawMethods.cwd();
                           ^

Error: ENOENT: no such file or directory, uv_cwd
    at process.wrappedCwd [as cwd] (node:internal/bootstrap/switches/does_own_process_state:144:28)
    at node:path:1172:24
    at Object.resolve (node:path:1200:19)
    at resolveMainPath (node:internal/modules/run_main:34:38)
    at Function.executeUserEntryPoint [as runMain] (node:internal/modules/run_main:156:24)
    at node:internal/main/run_main_module:28:49 {
  errno: -2,
  code: 'ENOENT',
  syscall: 'uv_cwd'
}

Node.js v20.19.1

[31m[2025-05-05T20:14:03.568Z] ğŸ‘‘ğŸ’¢ [Dante:Inferno:5:Wrath] Summary generation failed: Error processing PDF: Error: Command failed: node scripts/extract-pdf-text-improved.js "/Users/bradygeorgen/Documents/workspace/pbradygeorgen/.next/standalone/public/default_resume.pdf"
shell-init: error retrieving current directory: getcwd: cannot access parent directories: No such file or directory
node:internal/bootstrap/switches/does_own_process_state:144
    cachedCwd = rawMethods.cwd();
                           ^

Error: ENOENT: no such file or directory, uv_cwd
    at process.wrappedCwd [as cwd] (node:internal/bootstrap/switches/does_own_process_state:144:28)
    at node:path:1172:24
    at Object.resolve (node:path:1200:19)
    at resolveMainPath (node:internal/modules/run_main:34:38)
    at Function.executeUserEntryPoint [as runMain] (node:internal/modules/run_main:156:24)
    at node:internal/main/run_main_module:28:49 {
  errno: -2,
  code: 'ENOENT',
  syscall: 'uv_cwd'
}

Node.js v20.19.1
[0m
Error getting analyzed content: Error: Error processing PDF
    at w (.next/server/chunks/5183.js:1:7000)
    at async j (.next/server/chunks/5183.js:1:8858)
ğŸ“âŒ [Hesse:Summary:Error] Error getting analyzed content: Error: Error processing PDF
[31m[2025-05-05T20:14:03.576Z] ğŸ‘‘ğŸ’¢ [Dante:Inferno:5:Wrath] Summary generation failed: Error getting analyzed content: Error: Error processing PDF[0m
[31m[2025-05-05T20:14:03.576Z] ğŸ‘‘â„ï¸ [Dante:Inferno:9:Treachery] Error getting analyzed PDF content[0m
Error: Error processing PDF
    at w (.next/server/chunks/5183.js:1:7000)
    at async j (.next/server/chunks/5183.js:1:8858)
ğŸ“ğŸ” [Hesse:Summary:Start] Validating PDF content
[32m[2025-05-05T20:14:05.333Z] ğŸ˜‡â˜€ï¸ [Dante:Paradiso:4:Sun] Starting content validation[0m
ğŸ“ğŸ” [Hesse:Summary:Start] Validating analyzed content
Content has not been analyzed yet
[31m[2025-05-05T20:14:05.333Z] ğŸ‘‘ğŸŒŠ [Dante:Inferno:2:Lust] Content validation failed[0m
ğŸ“âŒ [Hesse:Summary:Error] Content validation failed
[31m[2025-05-05T20:14:05.333Z] ğŸ‘‘ğŸ’¢ [Dante:Inferno:5:Wrath] Summary generation failed: Content validation failed[0m
ğŸ“ğŸ” [Hesse:Summary:Start] Getting analyzed content
Starting PDF processing pipeline
ğŸ“ğŸ” [Hesse:Summary:Start] Processing PDF content
Extracting content from PDF
ğŸ“â³ [Hesse:Summary:Progress] Extracting content from PDF
Error processing PDF: [Error: Command failed: node scripts/extract-pdf-text-improved.js "/Users/bradygeorgen/Documents/workspace/pbradygeorgen/.next/standalone/public/default_resume.pdf"
shell-init: error retrieving current directory: getcwd: cannot access parent directories: No such file or directory
node:internal/bootstrap/switches/does_own_process_state:144
    cachedCwd = rawMethods.cwd();
                           ^

Error: ENOENT: no such file or directory, uv_cwd
    at process.wrappedCwd [as cwd] (node:internal/bootstrap/switches/does_own_process_state:144:28)
    at node:path:1172:24
    at Object.resolve (node:path:1200:19)
    at resolveMainPath (node:internal/modules/run_main:34:38)
    at Function.executeUserEntryPoint [as runMain] (node:internal/modules/run_main:156:24)
    at node:internal/main/run_main_module:28:49 {
  errno: -2,
  code: 'ENOENT',
  syscall: 'uv_cwd'
}

Node.js v20.19.1
] {
  code: 1,
  killed: false,
  signal: null,
  cmd: 'node scripts/extract-pdf-text-improved.js "/Users/bradygeorgen/Documents/workspace/pbradygeorgen/.next/standalone/public/default_resume.pdf"',
  stdout: '',
  stderr: 'shell-init: error retrieving current directory: getcwd: cannot access parent directories: No such file or directory\n' +
    'node:internal/bootstrap/switches/does_own_process_state:144\n' +
    '    cachedCwd = rawMethods.cwd();\n' +
    '                           ^\n' +
    '\n' +
    'Error: ENOENT: no such file or directory, uv_cwd\n' +
    '    at process.wrappedCwd [as cwd] (node:internal/bootstrap/switches/does_own_process_state:144:28)\n' +
    '    at node:path:1172:24\n' +
    '    at Object.resolve (node:path:1200:19)\n' +
    '    at resolveMainPath (node:internal/modules/run_main:34:38)\n' +
    '    at Function.executeUserEntryPoint [as runMain] (node:internal/modules/run_main:156:24)\n' +
    '    at node:internal/main/run_main_module:28:49 {\n' +
    '  errno: -2,\n' +
    "  code: 'ENOENT',\n" +
    "  syscall: 'uv_cwd'\n" +
    '}\n' +
    '\n' +
    'Node.js v20.19.1\n'
}
ğŸ“âŒ [Hesse:Summary:Error] Error processing PDF: Error: Command failed: node scripts/extract-pdf-text-improved.js "/Users/bradygeorgen/Documents/workspace/pbradygeorgen/.next/standalone/public/default_resume.pdf"
shell-init: error retrieving current directory: getcwd: cannot access parent directories: No such file or directory
node:internal/bootstrap/switches/does_own_process_state:144
    cachedCwd = rawMethods.cwd();
                           ^

Error: ENOENT: no such file or directory, uv_cwd
    at process.wrappedCwd [as cwd] (node:internal/bootstrap/switches/does_own_process_state:144:28)
    at node:path:1172:24
    at Object.resolve (node:path:1200:19)
    at resolveMainPath (node:internal/modules/run_main:34:38)
    at Function.executeUserEntryPoint [as runMain] (node:internal/modules/run_main:156:24)
    at node:internal/main/run_main_module:28:49 {
  errno: -2,
  code: 'ENOENT',
  syscall: 'uv_cwd'
}

Node.js v20.19.1

[31m[2025-05-05T20:14:05.380Z] ğŸ‘‘ğŸ’¢ [Dante:Inferno:5:Wrath] Summary generation failed: Error processing PDF: Error: Command failed: node scripts/extract-pdf-text-improved.js "/Users/bradygeorgen/Documents/workspace/pbradygeorgen/.next/standalone/public/default_resume.pdf"
shell-init: error retrieving current directory: getcwd: cannot access parent directories: No such file or directory
node:internal/bootstrap/switches/does_own_process_state:144
    cachedCwd = rawMethods.cwd();
                           ^

Error: ENOENT: no such file or directory, uv_cwd
    at process.wrappedCwd [as cwd] (node:internal/bootstrap/switches/does_own_process_state:144:28)
    at node:path:1172:24
    at Object.resolve (node:path:1200:19)
    at resolveMainPath (node:internal/modules/run_main:34:38)
    at Function.executeUserEntryPoint [as runMain] (node:internal/modules/run_main:156:24)
    at node:internal/main/run_main_module:28:49 {
  errno: -2,
  code: 'ENOENT',
  syscall: 'uv_cwd'
}

Node.js v20.19.1
[0m
Error getting analyzed content: Error: Error processing PDF
    at w (.next/server/chunks/5183.js:1:7000)
    at async j (.next/server/chunks/5183.js:1:8858)
ğŸ“âŒ [Hesse:Summary:Error] Error getting analyzed content: Error: Error processing PDF
[31m[2025-05-05T20:14:05.381Z] ğŸ‘‘ğŸ’¢ [Dante:Inferno:5:Wrath] Summary generation failed: Error getting analyzed content: Error: Error processing PDF[0m
[31m[2025-05-05T20:14:05.381Z] ğŸ‘‘â„ï¸ [Dante:Inferno:9:Treachery] Error getting analyzed PDF content[0m
Error: Error processing PDF
    at w (.next/server/chunks/5183.js:1:7000)
    at async j (.next/server/chunks/5183.js:1:8858)
