Environment: production
Running in AWS Amplify: No
Node version: v20.19.1
Is standalone build: No
Is in standalone directory: Yes
Current directory: /Users/bradygeorgen/Documents/workspace/pbradygeorgen/.next/standalone
Found pages/app directory: /Users/bradygeorgen/Documents/workspace/pbradygeorgen/.next/standalone/.next/server/pages
Initializing Next.js app with directory: /Users/bradygeorgen/Documents/workspace/pbradygeorgen/.next/standalone
Extracted directory already exists: /Users/bradygeorgen/Documents/workspace/pbradygeorgen/.next/standalone/public/extracted
Extracted directory already exists: /Users/bradygeorgen/Documents/workspace/pbradygeorgen/.next/standalone/public/extracted
 âš  "next start" does not work with "output: standalone" configuration. Use "node .next/standalone/server.js" instead.
> Ready on http://localhost:3000
> Serving from directory: /Users/bradygeorgen/Documents/workspace/pbradygeorgen/.next/standalone
> Available directories:
  - .DS_Store
  - .cache
  - .next
  - amplifyconfiguration.json
  - logs
  - node_modules
  - package.json
  - prompts
  - public
  - scripts
  - server.js
> Public directory contents:
  - .DS_Store
  - analyzed
  - cover-letters
  - default_resume.pdf
  - download_test_report.json
  - downloads
  - extracted
  - file.svg
  - globe.svg
  - index.html
  - next.svg
  - pdf-worker
  - pdfs
  - robots.txt
  - test-pdfs
  - uploads
  - vercel.svg
  - window.svg
ğŸ“¦âœ… [Derrida:Cache:Hit] Loaded PDF fingerprint: 39e0364a...
ğŸ“¦âŒ [Derrida:Cache:Miss] No cache file found
ğŸ“¦âœ… [Derrida:Cache:Hit] Loaded PDF fingerprint: 39e0364a...
ğŸ“¦ğŸ—‘ï¸ [Derrida:Cache:Invalidate] Invalidated 2 cache items due to PDF change
ğŸ“¦âœ… [Derrida:Cache:Hit] Loaded 0 items from cache
ğŸ“¦âœ… [Derrida:Cache:Hit] Loaded PDF fingerprint: 39e0364a...
ğŸ“¦ğŸ—‘ï¸ [Derrida:Cache:Invalidate] Invalidated 1 cache items due to PDF change
ğŸ“¦âœ… [Derrida:Cache:Hit] Loaded 0 items from cache
Failed to import pdf-parse: Error: ENOENT: no such file or directory, open './test/data/05-versions-space.pdf'
    at 36188 (.next/server/app/api/cover-letter/route.js:79:533602)
    at t (.next/server/webpack-runtime.js:1:143)
    at 10491 (.next/server/app/api/cover-letter/route.js:1:859)
    at t (.next/server/webpack-runtime.js:1:143)
    at r (.next/server/app/api/cover-letter/route.js:81:106)
    at <unknown> (.next/server/app/api/cover-letter/route.js:81:158)
    at t.X (.next/server/webpack-runtime.js:1:1285)
    at <unknown> (.next/server/app/api/cover-letter/route.js:81:119) {
  errno: -2,
  code: 'ENOENT',
  syscall: 'open',
  path: './test/data/05-versions-space.pdf'
}
ğŸ“¦âœ… [Derrida:Cache:Hit] Loaded PDF fingerprint: 39e0364a...
ğŸ“¦âŒ [Derrida:Cache:Miss] No cache file found
ğŸ“¦âœ… [Derrida:Cache:Hit] Loaded PDF fingerprint: 39e0364a...
ğŸ“¦ğŸ—‘ï¸ [Derrida:Cache:Invalidate] Invalidated 2 cache items due to PDF change
ğŸ“¦âœ… [Derrida:Cache:Hit] Loaded 0 items from cache
ğŸ“¦âœ… [Derrida:Cache:Hit] Loaded PDF fingerprint: 39e0364a...
ğŸ“¦ğŸ—‘ï¸ [Derrida:Cache:Invalidate] Invalidated 1 cache items due to PDF change
ğŸ“¦âœ… [Derrida:Cache:Hit] Loaded 0 items from cache
Serving static file: /_next/static/css/f4d03bc182b368e9.css
Serving static file: /_next/static/chunks/webpack-20e141b4d5931033.js
Serving static file: /_next/static/chunks/app/download-test/page-d572e65e6d6d5380.js
Serving static file: /_next/static/chunks/app/layout-c217b708b1d2318d.js
Serving static file: /_next/static/chunks/6182.95c24f638a1aa6c6.js
ğŸ“ğŸ” [Hesse:Summary:Start] Validating PDF content
[32m[2025-05-03T21:56:18.942Z] ğŸ˜‡â˜€ï¸ [Dante:Paradiso:4:Sun] Starting content validation[0m
ğŸ“ğŸ” [Hesse:Summary:Start] Validating analyzed content
ContentStateService initialized
ğŸ“ğŸ” [Hesse:Summary:Start] Content state service initialized
[32m[2025-05-03T21:56:18.943Z] ğŸ˜‡ğŸª [Dante:Paradiso:7:Saturn] ContentStateService initialized - beginning the journey[0m
Content has not been analyzed yet
[31m[2025-05-03T21:56:18.943Z] ğŸ‘‘ğŸŒŠ [Dante:Inferno:2:Lust] Content validation failed[0m
ğŸ“âŒ [Hesse:Summary:Error] Content validation failed
[31m[2025-05-03T21:56:18.943Z] ğŸ‘‘ğŸ’¢ [Dante:Inferno:5:Wrath] Summary generation failed: Content validation failed[0m
ğŸ“ğŸ” [Hesse:Summary:Start] Getting analyzed content
ContentStateService initialized
ğŸ“ğŸ” [Hesse:Summary:Start] Content state service initialized
[32m[2025-05-03T21:56:18.979Z] ğŸ˜‡ğŸª [Dante:Paradiso:7:Saturn] ContentStateService initialized - beginning the journey[0m
Starting PDF processing pipeline
ğŸ“ğŸ” [Hesse:Summary:Start] Processing PDF content
PDF content is stale: fingerprint changed
Content state saved to file
Content state updated
ğŸ“â³ [Hesse:Summary:Progress] Content state updated
Extracting content from PDF
ğŸ“â³ [Hesse:Summary:Progress] Extracting content from PDF
Content extracted in 208ms
ğŸ“â³ [Hesse:Summary:Progress] Content extracted in 208ms
Content state saved to file
Content state updated
ğŸ“â³ [Hesse:Summary:Progress] Content state updated
Analyzing content with ChatGPT
ğŸ§ ğŸ” [Hesse:AI:Start] Analyzing content with ChatGPT
ğŸ§ ğŸ” [Hesse:AI:Start] Analyzing resume content with OpenAI
ğŸ“¦âŒ [Derrida:Cache:Miss] Cache miss for key: resume-a...
ğŸ¤–ğŸ” [Hesse:OpenAI:Request] Sending resume content to OpenAI for analysis
ğŸ¤–âœ… [Hesse:OpenAI:Response] OpenAI analysis completed in 19822ms
[32m[2025-05-03T21:56:39.016Z] ğŸ˜‡â˜€ï¸ [Dante:Paradiso:4:Sun] OpenAI response received: OpenAI analysis completed in 19822ms[0m
[32m[2025-05-03T21:56:39.016Z] ğŸ˜‡â˜€ï¸ [Dante:Paradiso:4:Sun] Resume content analyzed successfully with OpenAI[0m
ğŸ“¦ğŸ”„ [Derrida:Cache:Update] Saved 1 items to cache
ğŸ“¦ğŸ”„ [Derrida:Cache:Update] Stored item with key: resume-a...
Content analyzed in 19825ms
ğŸ§ âœ… [Hesse:AI:Success] Content analyzed in 19825ms
[32m[2025-05-03T21:56:39.016Z] ğŸ˜‡â˜€ï¸ [Dante:Paradiso:4:Sun] AI operation succeeded: Content analyzed in 19825ms[0m
Content state saved to file
Content state updated
ğŸ“â³ [Hesse:Summary:Progress] Content state updated
Validating analyzed content
ğŸ“â³ [Hesse:Summary:Progress] Validating analyzed content
Content validation successful
ğŸ“â³ [Hesse:Summary:Progress] Content validation successful
PDF processing pipeline completed successfully
ğŸ“âœ… [Hesse:Summary:Complete] PDF processing completed successfully
[32m[2025-05-03T21:56:39.019Z] ğŸ˜‡â˜€ï¸ [Dante:Paradiso:4:Sun] Summary generation completed: PDF processing completed successfully[0m
Analyzed content retrieved successfully
ğŸ“âœ… [Hesse:Summary:Complete] Analyzed content retrieved successfully
[32m[2025-05-03T21:56:39.019Z] ğŸ˜‡â˜€ï¸ [Dante:Paradiso:4:Sun] Summary generation completed: Analyzed content retrieved successfully[0m
ğŸ“ğŸ” [Hesse:Summary:Start] Validating PDF content
[32m[2025-05-03T21:58:47.809Z] ğŸ˜‡â˜€ï¸ [Dante:Paradiso:4:Sun] Starting content validation[0m
ğŸ“ğŸ” [Hesse:Summary:Start] Validating analyzed content
Content has not been analyzed yet
[31m[2025-05-03T21:58:47.809Z] ğŸ‘‘ğŸŒŠ [Dante:Inferno:2:Lust] Content validation failed[0m
ğŸ“âŒ [Hesse:Summary:Error] Content validation failed
[31m[2025-05-03T21:58:47.809Z] ğŸ‘‘ğŸ’¢ [Dante:Inferno:5:Wrath] Summary generation failed: Content validation failed[0m
ğŸ“ğŸ” [Hesse:Summary:Start] Getting analyzed content
Starting PDF processing pipeline
ğŸ“ğŸ” [Hesse:Summary:Start] Processing PDF content
Extracting content from PDF
ğŸ“â³ [Hesse:Summary:Progress] Extracting content from PDF
Error processing PDF: [Error: Command failed: node scripts/extract-pdf-text-improved.js "/Users/bradygeorgen/Documents/workspace/pbradygeorgen/.next/standalone/public/default_resume.pdf"
shell-init: error retrieving current directory: getcwd: cannot access parent directories: No such file or directory
node:internal/bootstrap/switches/does_own_process_state:144
    cachedCwd = rawMethods.cwd();
                           ^

Error: ENOENT: no such file or directory, uv_cwd
    at process.wrappedCwd [as cwd] (node:internal/bootstrap/switches/does_own_process_state:144:28)
    at node:path:1172:24
    at Object.resolve (node:path:1200:19)
    at resolveMainPath (node:internal/modules/run_main:34:38)
    at Function.executeUserEntryPoint [as runMain] (node:internal/modules/run_main:156:24)
    at node:internal/main/run_main_module:28:49 {
  errno: -2,
  code: 'ENOENT',
  syscall: 'uv_cwd'
}

Node.js v20.19.1
] {
  code: 1,
  killed: false,
  signal: null,
  cmd: 'node scripts/extract-pdf-text-improved.js "/Users/bradygeorgen/Documents/workspace/pbradygeorgen/.next/standalone/public/default_resume.pdf"',
  stdout: '',
  stderr: 'shell-init: error retrieving current directory: getcwd: cannot access parent directories: No such file or directory\n' +
    'node:internal/bootstrap/switches/does_own_process_state:144\n' +
    '    cachedCwd = rawMethods.cwd();\n' +
    '                           ^\n' +
    '\n' +
    'Error: ENOENT: no such file or directory, uv_cwd\n' +
    '    at process.wrappedCwd [as cwd] (node:internal/bootstrap/switches/does_own_process_state:144:28)\n' +
    '    at node:path:1172:24\n' +
    '    at Object.resolve (node:path:1200:19)\n' +
    '    at resolveMainPath (node:internal/modules/run_main:34:38)\n' +
    '    at Function.executeUserEntryPoint [as runMain] (node:internal/modules/run_main:156:24)\n' +
    '    at node:internal/main/run_main_module:28:49 {\n' +
    '  errno: -2,\n' +
    "  code: 'ENOENT',\n" +
    "  syscall: 'uv_cwd'\n" +
    '}\n' +
    '\n' +
    'Node.js v20.19.1\n'
}
ğŸ“âŒ [Hesse:Summary:Error] Error processing PDF: Error: Command failed: node scripts/extract-pdf-text-improved.js "/Users/bradygeorgen/Documents/workspace/pbradygeorgen/.next/standalone/public/default_resume.pdf"
shell-init: error retrieving current directory: getcwd: cannot access parent directories: No such file or directory
node:internal/bootstrap/switches/does_own_process_state:144
    cachedCwd = rawMethods.cwd();
                           ^

Error: ENOENT: no such file or directory, uv_cwd
    at process.wrappedCwd [as cwd] (node:internal/bootstrap/switches/does_own_process_state:144:28)
    at node:path:1172:24
    at Object.resolve (node:path:1200:19)
    at resolveMainPath (node:internal/modules/run_main:34:38)
    at Function.executeUserEntryPoint [as runMain] (node:internal/modules/run_main:156:24)
    at node:internal/main/run_main_module:28:49 {
  errno: -2,
  code: 'ENOENT',
  syscall: 'uv_cwd'
}

Node.js v20.19.1

[31m[2025-05-03T21:58:47.849Z] ğŸ‘‘ğŸ’¢ [Dante:Inferno:5:Wrath] Summary generation failed: Error processing PDF: Error: Command failed: node scripts/extract-pdf-text-improved.js "/Users/bradygeorgen/Documents/workspace/pbradygeorgen/.next/standalone/public/default_resume.pdf"
shell-init: error retrieving current directory: getcwd: cannot access parent directories: No such file or directory
node:internal/bootstrap/switches/does_own_process_state:144
    cachedCwd = rawMethods.cwd();
                           ^

Error: ENOENT: no such file or directory, uv_cwd
    at process.wrappedCwd [as cwd] (node:internal/bootstrap/switches/does_own_process_state:144:28)
    at node:path:1172:24
    at Object.resolve (node:path:1200:19)
    at resolveMainPath (node:internal/modules/run_main:34:38)
    at Function.executeUserEntryPoint [as runMain] (node:internal/modules/run_main:156:24)
    at node:internal/main/run_main_module:28:49 {
  errno: -2,
  code: 'ENOENT',
  syscall: 'uv_cwd'
}

Node.js v20.19.1
[0m
Error getting analyzed content: Error: Error processing PDF
    at w (.next/server/chunks/5183.js:1:7000)
    at async j (.next/server/chunks/5183.js:1:8858)
ğŸ“âŒ [Hesse:Summary:Error] Error getting analyzed content: Error: Error processing PDF
[31m[2025-05-03T21:58:47.854Z] ğŸ‘‘ğŸ’¢ [Dante:Inferno:5:Wrath] Summary generation failed: Error getting analyzed content: Error: Error processing PDF[0m
[31m[2025-05-03T21:58:47.855Z] ğŸ‘‘â„ï¸ [Dante:Inferno:9:Treachery] Error getting analyzed PDF content[0m
Error: Error processing PDF
    at w (.next/server/chunks/5183.js:1:7000)
    at async j (.next/server/chunks/5183.js:1:8858)
ğŸ“ğŸ” [Hesse:Summary:Start] Validating PDF content
[32m[2025-05-03T22:06:31.574Z] ğŸ˜‡â˜€ï¸ [Dante:Paradiso:4:Sun] Starting content validation[0m
ğŸ“ğŸ” [Hesse:Summary:Start] Validating analyzed content
Content has not been analyzed yet
[31m[2025-05-03T22:06:31.574Z] ğŸ‘‘ğŸŒŠ [Dante:Inferno:2:Lust] Content validation failed[0m
ğŸ“âŒ [Hesse:Summary:Error] Content validation failed
[31m[2025-05-03T22:06:31.574Z] ğŸ‘‘ğŸ’¢ [Dante:Inferno:5:Wrath] Summary generation failed: Content validation failed[0m
ğŸ“ğŸ” [Hesse:Summary:Start] Getting analyzed content
Starting PDF processing pipeline
ğŸ“ğŸ” [Hesse:Summary:Start] Processing PDF content
Extracting content from PDF
ğŸ“â³ [Hesse:Summary:Progress] Extracting content from PDF
Error processing PDF: [Error: Command failed: node scripts/extract-pdf-text-improved.js "/Users/bradygeorgen/Documents/workspace/pbradygeorgen/.next/standalone/public/default_resume.pdf"
shell-init: error retrieving current directory: getcwd: cannot access parent directories: No such file or directory
node:internal/bootstrap/switches/does_own_process_state:144
    cachedCwd = rawMethods.cwd();
                           ^

Error: ENOENT: no such file or directory, uv_cwd
    at process.wrappedCwd [as cwd] (node:internal/bootstrap/switches/does_own_process_state:144:28)
    at node:path:1172:24
    at Object.resolve (node:path:1200:19)
    at resolveMainPath (node:internal/modules/run_main:34:38)
    at Function.executeUserEntryPoint [as runMain] (node:internal/modules/run_main:156:24)
    at node:internal/main/run_main_module:28:49 {
  errno: -2,
  code: 'ENOENT',
  syscall: 'uv_cwd'
}

Node.js v20.19.1
] {
  code: 1,
  killed: false,
  signal: null,
  cmd: 'node scripts/extract-pdf-text-improved.js "/Users/bradygeorgen/Documents/workspace/pbradygeorgen/.next/standalone/public/default_resume.pdf"',
  stdout: '',
  stderr: 'shell-init: error retrieving current directory: getcwd: cannot access parent directories: No such file or directory\n' +
    'node:internal/bootstrap/switches/does_own_process_state:144\n' +
    '    cachedCwd = rawMethods.cwd();\n' +
    '                           ^\n' +
    '\n' +
    'Error: ENOENT: no such file or directory, uv_cwd\n' +
    '    at process.wrappedCwd [as cwd] (node:internal/bootstrap/switches/does_own_process_state:144:28)\n' +
    '    at node:path:1172:24\n' +
    '    at Object.resolve (node:path:1200:19)\n' +
    '    at resolveMainPath (node:internal/modules/run_main:34:38)\n' +
    '    at Function.executeUserEntryPoint [as runMain] (node:internal/modules/run_main:156:24)\n' +
    '    at node:internal/main/run_main_module:28:49 {\n' +
    '  errno: -2,\n' +
    "  code: 'ENOENT',\n" +
    "  syscall: 'uv_cwd'\n" +
    '}\n' +
    '\n' +
    'Node.js v20.19.1\n'
}
ğŸ“âŒ [Hesse:Summary:Error] Error processing PDF: Error: Command failed: node scripts/extract-pdf-text-improved.js "/Users/bradygeorgen/Documents/workspace/pbradygeorgen/.next/standalone/public/default_resume.pdf"
shell-init: error retrieving current directory: getcwd: cannot access parent directories: No such file or directory
node:internal/bootstrap/switches/does_own_process_state:144
    cachedCwd = rawMethods.cwd();
                           ^

Error: ENOENT: no such file or directory, uv_cwd
    at process.wrappedCwd [as cwd] (node:internal/bootstrap/switches/does_own_process_state:144:28)
    at node:path:1172:24
    at Object.resolve (node:path:1200:19)
    at resolveMainPath (node:internal/modules/run_main:34:38)
    at Function.executeUserEntryPoint [as runMain] (node:internal/modules/run_main:156:24)
    at node:internal/main/run_main_module:28:49 {
  errno: -2,
  code: 'ENOENT',
  syscall: 'uv_cwd'
}

Node.js v20.19.1

[31m[2025-05-03T22:06:31.606Z] ğŸ‘‘ğŸ’¢ [Dante:Inferno:5:Wrath] Summary generation failed: Error processing PDF: Error: Command failed: node scripts/extract-pdf-text-improved.js "/Users/bradygeorgen/Documents/workspace/pbradygeorgen/.next/standalone/public/default_resume.pdf"
shell-init: error retrieving current directory: getcwd: cannot access parent directories: No such file or directory
node:internal/bootstrap/switches/does_own_process_state:144
    cachedCwd = rawMethods.cwd();
                           ^

Error: ENOENT: no such file or directory, uv_cwd
    at process.wrappedCwd [as cwd] (node:internal/bootstrap/switches/does_own_process_state:144:28)
    at node:path:1172:24
    at Object.resolve (node:path:1200:19)
    at resolveMainPath (node:internal/modules/run_main:34:38)
    at Function.executeUserEntryPoint [as runMain] (node:internal/modules/run_main:156:24)
    at node:internal/main/run_main_module:28:49 {
  errno: -2,
  code: 'ENOENT',
  syscall: 'uv_cwd'
}

Node.js v20.19.1
[0m
Error getting analyzed content: Error: Error processing PDF
    at w (.next/server/chunks/5183.js:1:7000)
    at async j (.next/server/chunks/5183.js:1:8858)
ğŸ“âŒ [Hesse:Summary:Error] Error getting analyzed content: Error: Error processing PDF
[31m[2025-05-03T22:06:31.608Z] ğŸ‘‘ğŸ’¢ [Dante:Inferno:5:Wrath] Summary generation failed: Error getting analyzed content: Error: Error processing PDF[0m
[31m[2025-05-03T22:06:31.608Z] ğŸ‘‘â„ï¸ [Dante:Inferno:9:Treachery] Error getting analyzed PDF content[0m
Error: Error processing PDF
    at w (.next/server/chunks/5183.js:1:7000)
    at async j (.next/server/chunks/5183.js:1:8858)
ğŸ“ğŸ” [Hesse:Summary:Start] Validating PDF content
[32m[2025-05-03T22:07:47.750Z] ğŸ˜‡â˜€ï¸ [Dante:Paradiso:4:Sun] Starting content validation[0m
ğŸ“ğŸ” [Hesse:Summary:Start] Validating analyzed content
Content has not been analyzed yet
[31m[2025-05-03T22:07:47.750Z] ğŸ‘‘ğŸŒŠ [Dante:Inferno:2:Lust] Content validation failed[0m
ğŸ“âŒ [Hesse:Summary:Error] Content validation failed
[31m[2025-05-03T22:07:47.750Z] ğŸ‘‘ğŸ’¢ [Dante:Inferno:5:Wrath] Summary generation failed: Content validation failed[0m
ğŸ“ğŸ” [Hesse:Summary:Start] Getting analyzed content
Starting PDF processing pipeline
ğŸ“ğŸ” [Hesse:Summary:Start] Processing PDF content
Extracting content from PDF
ğŸ“â³ [Hesse:Summary:Progress] Extracting content from PDF
Error processing PDF: [Error: Command failed: node scripts/extract-pdf-text-improved.js "/Users/bradygeorgen/Documents/workspace/pbradygeorgen/.next/standalone/public/default_resume.pdf"
shell-init: error retrieving current directory: getcwd: cannot access parent directories: No such file or directory
node:internal/bootstrap/switches/does_own_process_state:144
    cachedCwd = rawMethods.cwd();
                           ^

Error: ENOENT: no such file or directory, uv_cwd
    at process.wrappedCwd [as cwd] (node:internal/bootstrap/switches/does_own_process_state:144:28)
    at node:path:1172:24
    at Object.resolve (node:path:1200:19)
    at resolveMainPath (node:internal/modules/run_main:34:38)
    at Function.executeUserEntryPoint [as runMain] (node:internal/modules/run_main:156:24)
    at node:internal/main/run_main_module:28:49 {
  errno: -2,
  code: 'ENOENT',
  syscall: 'uv_cwd'
}

Node.js v20.19.1
] {
  code: 1,
  killed: false,
  signal: null,
  cmd: 'node scripts/extract-pdf-text-improved.js "/Users/bradygeorgen/Documents/workspace/pbradygeorgen/.next/standalone/public/default_resume.pdf"',
  stdout: '',
  stderr: 'shell-init: error retrieving current directory: getcwd: cannot access parent directories: No such file or directory\n' +
    'node:internal/bootstrap/switches/does_own_process_state:144\n' +
    '    cachedCwd = rawMethods.cwd();\n' +
    '                           ^\n' +
    '\n' +
    'Error: ENOENT: no such file or directory, uv_cwd\n' +
    '    at process.wrappedCwd [as cwd] (node:internal/bootstrap/switches/does_own_process_state:144:28)\n' +
    '    at node:path:1172:24\n' +
    '    at Object.resolve (node:path:1200:19)\n' +
    '    at resolveMainPath (node:internal/modules/run_main:34:38)\n' +
    '    at Function.executeUserEntryPoint [as runMain] (node:internal/modules/run_main:156:24)\n' +
    '    at node:internal/main/run_main_module:28:49 {\n' +
    '  errno: -2,\n' +
    "  code: 'ENOENT',\n" +
    "  syscall: 'uv_cwd'\n" +
    '}\n' +
    '\n' +
    'Node.js v20.19.1\n'
}
ğŸ“âŒ [Hesse:Summary:Error] Error processing PDF: Error: Command failed: node scripts/extract-pdf-text-improved.js "/Users/bradygeorgen/Documents/workspace/pbradygeorgen/.next/standalone/public/default_resume.pdf"
shell-init: error retrieving current directory: getcwd: cannot access parent directories: No such file or directory
node:internal/bootstrap/switches/does_own_process_state:144
    cachedCwd = rawMethods.cwd();
                           ^

Error: ENOENT: no such file or directory, uv_cwd
    at process.wrappedCwd [as cwd] (node:internal/bootstrap/switches/does_own_process_state:144:28)
    at node:path:1172:24
    at Object.resolve (node:path:1200:19)
    at resolveMainPath (node:internal/modules/run_main:34:38)
    at Function.executeUserEntryPoint [as runMain] (node:internal/modules/run_main:156:24)
    at node:internal/main/run_main_module:28:49 {
  errno: -2,
  code: 'ENOENT',
  syscall: 'uv_cwd'
}

Node.js v20.19.1

[31m[2025-05-03T22:07:47.788Z] ğŸ‘‘ğŸ’¢ [Dante:Inferno:5:Wrath] Summary generation failed: Error processing PDF: Error: Command failed: node scripts/extract-pdf-text-improved.js "/Users/bradygeorgen/Documents/workspace/pbradygeorgen/.next/standalone/public/default_resume.pdf"
shell-init: error retrieving current directory: getcwd: cannot access parent directories: No such file or directory
node:internal/bootstrap/switches/does_own_process_state:144
    cachedCwd = rawMethods.cwd();
                           ^

Error: ENOENT: no such file or directory, uv_cwd
    at process.wrappedCwd [as cwd] (node:internal/bootstrap/switches/does_own_process_state:144:28)
    at node:path:1172:24
    at Object.resolve (node:path:1200:19)
    at resolveMainPath (node:internal/modules/run_main:34:38)
    at Function.executeUserEntryPoint [as runMain] (node:internal/modules/run_main:156:24)
    at node:internal/main/run_main_module:28:49 {
  errno: -2,
  code: 'ENOENT',
  syscall: 'uv_cwd'
}

Node.js v20.19.1
[0m
Error getting analyzed content: Error: Error processing PDF
    at w (.next/server/chunks/5183.js:1:7000)
    at async j (.next/server/chunks/5183.js:1:8858)
ğŸ“âŒ [Hesse:Summary:Error] Error getting analyzed content: Error: Error processing PDF
[31m[2025-05-03T22:07:47.788Z] ğŸ‘‘ğŸ’¢ [Dante:Inferno:5:Wrath] Summary generation failed: Error getting analyzed content: Error: Error processing PDF[0m
[31m[2025-05-03T22:07:47.788Z] ğŸ‘‘â„ï¸ [Dante:Inferno:9:Treachery] Error getting analyzed PDF content[0m
Error: Error processing PDF
    at w (.next/server/chunks/5183.js:1:7000)
    at async j (.next/server/chunks/5183.js:1:8858)
Serving static file: /_next/static/css/da1895c7ad9ef68f.css
Extracting theme on server...
Serving static file: /_next/static/chunks/webpack-bc1d0f544e60e33d.js
Extracting theme on server...
Serving static file: /_next/static/chunks/9569-87b5c828ac1977be.js
Extracting theme on server...
Serving static file: /_next/static/chunks/app/layout-5cb6f430b09fc1f7.js
Extracting theme on server...
Error loading initial theme: [Error: Command failed: node scripts/extract-pdf-fonts.js "/Users/bradygeorgen/Documents/workspace/pbradygeorgen/.next/standalone/public/default_resume.pdf"
shell-init: error retrieving current directory: getcwd: cannot access parent directories: No such file or directory
node:internal/bootstrap/switches/does_own_process_state:144
    cachedCwd = rawMethods.cwd();
                           ^

Error: ENOENT: no such file or directory, uv_cwd
    at process.wrappedCwd [as cwd] (node:internal/bootstrap/switches/does_own_process_state:144:28)
    at node:path:1172:24
    at Object.resolve (node:path:1200:19)
    at resolveMainPath (node:internal/modules/run_main:34:38)
    at Function.executeUserEntryPoint [as runMain] (node:internal/modules/run_main:156:24)
    at node:internal/main/run_main_module:28:49 {
  errno: -2,
  code: 'ENOENT',
  syscall: 'uv_cwd'
}

Node.js v20.19.1
] {
  code: 1,
  killed: false,
  signal: null,
  cmd: 'node scripts/extract-pdf-fonts.js "/Users/bradygeorgen/Documents/workspace/pbradygeorgen/.next/standalone/public/default_resume.pdf"',
  stdout: '',
  stderr: 'shell-init: error retrieving current directory: getcwd: cannot access parent directories: No such file or directory\n' +
    'node:internal/bootstrap/switches/does_own_process_state:144\n' +
    '    cachedCwd = rawMethods.cwd();\n' +
    '                           ^\n' +
    '\n' +
    'Error: ENOENT: no such file or directory, uv_cwd\n' +
    '    at process.wrappedCwd [as cwd] (node:internal/bootstrap/switches/does_own_process_state:144:28)\n' +
    '    at node:path:1172:24\n' +
    '    at Object.resolve (node:path:1200:19)\n' +
    '    at resolveMainPath (node:internal/modules/run_main:34:38)\n' +
    '    at Function.executeUserEntryPoint [as runMain] (node:internal/modules/run_main:156:24)\n' +
    '    at node:internal/main/run_main_module:28:49 {\n' +
    '  errno: -2,\n' +
    "  code: 'ENOENT',\n" +
    "  syscall: 'uv_cwd'\n" +
    '}\n' +
    '\n' +
    'Node.js v20.19.1\n'
}
Error loading initial theme: [Error: Command failed: node scripts/extract-pdf-fonts.js "/Users/bradygeorgen/Documents/workspace/pbradygeorgen/.next/standalone/public/default_resume.pdf"
shell-init: error retrieving current directory: getcwd: cannot access parent directories: No such file or directory
node:internal/bootstrap/switches/does_own_process_state:144
    cachedCwd = rawMethods.cwd();
                           ^

Error: ENOENT: no such file or directory, uv_cwd
    at process.wrappedCwd [as cwd] (node:internal/bootstrap/switches/does_own_process_state:144:28)
    at node:path:1172:24
    at Object.resolve (node:path:1200:19)
    at resolveMainPath (node:internal/modules/run_main:34:38)
    at Function.executeUserEntryPoint [as runMain] (node:internal/modules/run_main:156:24)
    at node:internal/main/run_main_module:28:49 {
  errno: -2,
  code: 'ENOENT',
  syscall: 'uv_cwd'
}

Node.js v20.19.1
] {
  code: 1,
  killed: false,
  signal: null,
  cmd: 'node scripts/extract-pdf-fonts.js "/Users/bradygeorgen/Documents/workspace/pbradygeorgen/.next/standalone/public/default_resume.pdf"',
  stdout: '',
  stderr: 'shell-init: error retrieving current directory: getcwd: cannot access parent directories: No such file or directory\n' +
    'node:internal/bootstrap/switches/does_own_process_state:144\n' +
    '    cachedCwd = rawMethods.cwd();\n' +
    '                           ^\n' +
    '\n' +
    'Error: ENOENT: no such file or directory, uv_cwd\n' +
    '    at process.wrappedCwd [as cwd] (node:internal/bootstrap/switches/does_own_process_state:144:28)\n' +
    '    at node:path:1172:24\n' +
    '    at Object.resolve (node:path:1200:19)\n' +
    '    at resolveMainPath (node:internal/modules/run_main:34:38)\n' +
    '    at Function.executeUserEntryPoint [as runMain] (node:internal/modules/run_main:156:24)\n' +
    '    at node:internal/main/run_main_module:28:49 {\n' +
    '  errno: -2,\n' +
    "  code: 'ENOENT',\n" +
    "  syscall: 'uv_cwd'\n" +
    '}\n' +
    '\n' +
    'Node.js v20.19.1\n'
}
Error loading initial theme: [Error: Command failed: node scripts/extract-pdf-fonts.js "/Users/bradygeorgen/Documents/workspace/pbradygeorgen/.next/standalone/public/default_resume.pdf"
shell-init: error retrieving current directory: getcwd: cannot access parent directories: No such file or directory
node:internal/bootstrap/switches/does_own_process_state:144
    cachedCwd = rawMethods.cwd();
                           ^

Error: ENOENT: no such file or directory, uv_cwd
    at process.wrappedCwd [as cwd] (node:internal/bootstrap/switches/does_own_process_state:144:28)
    at node:path:1172:24
    at Object.resolve (node:path:1200:19)
    at resolveMainPath (node:internal/modules/run_main:34:38)
    at Function.executeUserEntryPoint [as runMain] (node:internal/modules/run_main:156:24)
    at node:internal/main/run_main_module:28:49 {
  errno: -2,
  code: 'ENOENT',
  syscall: 'uv_cwd'
}

Node.js v20.19.1
] {
  code: 1,
  killed: false,
  signal: null,
  cmd: 'node scripts/extract-pdf-fonts.js "/Users/bradygeorgen/Documents/workspace/pbradygeorgen/.next/standalone/public/default_resume.pdf"',
  stdout: '',
  stderr: 'shell-init: error retrieving current directory: getcwd: cannot access parent directories: No such file or directory\n' +
    'node:internal/bootstrap/switches/does_own_process_state:144\n' +
    '    cachedCwd = rawMethods.cwd();\n' +
    '                           ^\n' +
    '\n' +
    'Error: ENOENT: no such file or directory, uv_cwd\n' +
    '    at process.wrappedCwd [as cwd] (node:internal/bootstrap/switches/does_own_process_state:144:28)\n' +
    '    at node:path:1172:24\n' +
    '    at Object.resolve (node:path:1200:19)\n' +
    '    at resolveMainPath (node:internal/modules/run_main:34:38)\n' +
    '    at Function.executeUserEntryPoint [as runMain] (node:internal/modules/run_main:156:24)\n' +
    '    at node:internal/main/run_main_module:28:49 {\n' +
    '  errno: -2,\n' +
    "  code: 'ENOENT',\n" +
    "  syscall: 'uv_cwd'\n" +
    '}\n' +
    '\n' +
    'Node.js v20.19.1\n'
}
Error loading initial theme: [Error: Command failed: node scripts/extract-pdf-fonts.js "/Users/bradygeorgen/Documents/workspace/pbradygeorgen/.next/standalone/public/default_resume.pdf"
shell-init: error retrieving current directory: getcwd: cannot access parent directories: No such file or directory
node:internal/bootstrap/switches/does_own_process_state:144
    cachedCwd = rawMethods.cwd();
                           ^

Error: ENOENT: no such file or directory, uv_cwd
    at process.wrappedCwd [as cwd] (node:internal/bootstrap/switches/does_own_process_state:144:28)
    at node:path:1172:24
    at Object.resolve (node:path:1200:19)
    at resolveMainPath (node:internal/modules/run_main:34:38)
    at Function.executeUserEntryPoint [as runMain] (node:internal/modules/run_main:156:24)
    at node:internal/main/run_main_module:28:49 {
  errno: -2,
  code: 'ENOENT',
  syscall: 'uv_cwd'
}

Node.js v20.19.1
] {
  code: 1,
  killed: false,
  signal: null,
  cmd: 'node scripts/extract-pdf-fonts.js "/Users/bradygeorgen/Documents/workspace/pbradygeorgen/.next/standalone/public/default_resume.pdf"',
  stdout: '',
  stderr: 'shell-init: error retrieving current directory: getcwd: cannot access parent directories: No such file or directory\n' +
    'node:internal/bootstrap/switches/does_own_process_state:144\n' +
    '    cachedCwd = rawMethods.cwd();\n' +
    '                           ^\n' +
    '\n' +
    'Error: ENOENT: no such file or directory, uv_cwd\n' +
    '    at process.wrappedCwd [as cwd] (node:internal/bootstrap/switches/does_own_process_state:144:28)\n' +
    '    at node:path:1172:24\n' +
    '    at Object.resolve (node:path:1200:19)\n' +
    '    at resolveMainPath (node:internal/modules/run_main:34:38)\n' +
    '    at Function.executeUserEntryPoint [as runMain] (node:internal/modules/run_main:156:24)\n' +
    '    at node:internal/main/run_main_module:28:49 {\n' +
    '  errno: -2,\n' +
    "  code: 'ENOENT',\n" +
    "  syscall: 'uv_cwd'\n" +
    '}\n' +
    '\n' +
    'Node.js v20.19.1\n'
}
Serving static file: /_next/static/css/da1895c7ad9ef68f.css
Extracting theme on server...
Error loading initial theme: [Error: Command failed: node scripts/extract-pdf-fonts.js "/Users/bradygeorgen/Documents/workspace/pbradygeorgen/.next/standalone/public/default_resume.pdf"
shell-init: error retrieving current directory: getcwd: cannot access parent directories: No such file or directory
node:internal/bootstrap/switches/does_own_process_state:144
    cachedCwd = rawMethods.cwd();
                           ^

Error: ENOENT: no such file or directory, uv_cwd
    at process.wrappedCwd [as cwd] (node:internal/bootstrap/switches/does_own_process_state:144:28)
    at node:path:1172:24
    at Object.resolve (node:path:1200:19)
    at resolveMainPath (node:internal/modules/run_main:34:38)
    at Function.executeUserEntryPoint [as runMain] (node:internal/modules/run_main:156:24)
    at node:internal/main/run_main_module:28:49 {
  errno: -2,
  code: 'ENOENT',
  syscall: 'uv_cwd'
}

Node.js v20.19.1
] {
  code: 1,
  killed: false,
  signal: null,
  cmd: 'node scripts/extract-pdf-fonts.js "/Users/bradygeorgen/Documents/workspace/pbradygeorgen/.next/standalone/public/default_resume.pdf"',
  stdout: '',
  stderr: 'shell-init: error retrieving current directory: getcwd: cannot access parent directories: No such file or directory\n' +
    'node:internal/bootstrap/switches/does_own_process_state:144\n' +
    '    cachedCwd = rawMethods.cwd();\n' +
    '                           ^\n' +
    '\n' +
    'Error: ENOENT: no such file or directory, uv_cwd\n' +
    '    at process.wrappedCwd [as cwd] (node:internal/bootstrap/switches/does_own_process_state:144:28)\n' +
    '    at node:path:1172:24\n' +
    '    at Object.resolve (node:path:1200:19)\n' +
    '    at resolveMainPath (node:internal/modules/run_main:34:38)\n' +
    '    at Function.executeUserEntryPoint [as runMain] (node:internal/modules/run_main:156:24)\n' +
    '    at node:internal/main/run_main_module:28:49 {\n' +
    '  errno: -2,\n' +
    "  code: 'ENOENT',\n" +
    "  syscall: 'uv_cwd'\n" +
    '}\n' +
    '\n' +
    'Node.js v20.19.1\n'
}
