[2025-05-10T23:10:34.871Z] ğŸ‘‘â„ï¸: Failed to import PDF extractor: Cannot find module '../src/pdf/extraction/pdfExtractor'
Require stack:
- /Users/bradygeorgen/Documents/workspace/pbradygeorgen/scripts/test-pdf-extraction.js
[2025-05-10T23:10:56.700Z] âš ï¸âš¡: PDF extractor not found, creating mock extractor
[2025-05-10T23:10:56.736Z] âš ï¸âš¡: Sample PDF not found at /Users/bradygeorgen/Documents/workspace/pbradygeorgen/public/sample-resume.pdf
[2025-05-10T23:10:56.736Z] â³: Creating a sample PDF for testing
[2025-05-10T23:10:56.736Z] âš ï¸âš¡: No sample PDF found in test fixtures
[2025-05-10T23:10:56.736Z] â³: Creating a minimal PDF with text content
[2025-05-10T23:10:56.737Z] ğŸ‘‘â„ï¸: Failed to create sample PDF: Cannot find module '../utils/PdfGenerator'
Require stack:
- /Users/bradygeorgen/Documents/workspace/pbradygeorgen/scripts/test-pdf-extraction.js
[2025-05-10T23:10:56.737Z] ğŸ‘‘â„ï¸: Cannot proceed with PDF extraction test
[2025-05-10T23:14:45.580Z] ğŸ”: Starting download functionality tests
[2025-05-10T23:14:45.582Z] ğŸ”: Starting application in production mode...
[2025-05-10T23:14:45.603Z] ğŸ”: Preparing environment for download tests...
[2025-05-10T23:14:45.623Z] â³: Prepare: ğŸ”§ Preparing environment for download functionality tests...
[2025-05-10T23:14:45.624Z] â³: Prepare: Creating resume_content_analyzed.json: /Users/bradygeorgen/Documents/workspace/pbradygeorgen/public/extracted/resume_content_analyzed.json
[2025-05-10T23:14:45.624Z] â³: Prepare: âœ… Environment prepared for download functionality tests
[2025-05-10T23:14:45.627Z] ğŸ˜‡ğŸŒ™: Environment prepared successfully
[2025-05-10T23:14:45.627Z] ğŸ˜‡ğŸŒ™: Environment prepared, starting application...
[2025-05-10T23:14:45.768Z] ğŸ‘‘ğŸ’¢: App error: npm error Missing script: "amplify:local"
npm error
npm error Did you mean one of these?
npm error   npm run amplify:build # run the "amplify:build" package script
npm error   npm run amplify:test # run the "amplify:test" package script
npm error
npm error To see a list of scripts, run:
npm error   npm run
[2025-05-10T23:14:45.769Z] ğŸ‘‘ğŸ’¢: App error: npm error A complete log of this run can be found in: /Users/bradygeorgen/.npm/_logs/2025-05-10T23_14_45_717Z-debug-0.log
[2025-05-10T23:14:45.771Z] ğŸ‘‘ğŸ’¢: Application process exited with code 1
[2025-05-10T23:14:45.772Z] ğŸ‘‘ğŸ’¢: Test execution error: Process exited with code 1
[2025-05-10T23:14:45.772Z] â³: Stopping application...
[2025-05-10T23:14:45.773Z] ğŸ‘‘ğŸ’¢: Unhandled error: kill ESRCH
[2025-05-10T23:15:19.487Z] ğŸ”: Starting unified test runner
[2025-05-10T23:15:19.496Z] ğŸ”: Running unified test harness for suite: download-functionality
[2025-05-10T23:15:19.524Z] ğŸ”: Starting unified test harness
[2025-05-10T23:15:19.528Z] â³: Environment: development
[2025-05-10T23:15:19.528Z] â³: Test suites: pdf-extraction, openai-integration, download-functionality, environment-setup, build-process, deployment
[2025-05-10T23:15:19.528Z] ğŸ”: Running test suite: pdf-extraction
[2025-05-10T23:15:19.529Z] â³: Running test: Extract PDF text
[2025-05-10T23:15:19.529Z] ğŸ”: Running command: node scripts/test-pdf-extraction.js
[2025-05-10T23:15:19.558Z] âš ï¸âš¡: PDF extractor not found, creating mock extractor
[2025-05-10T23:15:19.562Z] âš ï¸âš¡: Sample PDF not found at /Users/bradygeorgen/Documents/workspace/pbradygeorgen/public/sample-resume.pdf
[2025-05-10T23:15:19.562Z] â³: Creating a sample PDF for testing
[2025-05-10T23:15:19.562Z] âš ï¸âš¡: No sample PDF found in test fixtures
[2025-05-10T23:15:19.562Z] â³: Creating a minimal PDF with text content
[2025-05-10T23:15:19.562Z] ğŸ‘‘â„ï¸: Failed to create sample PDF: Cannot find module '../utils/PdfGenerator'
Require stack:
- /Users/bradygeorgen/Documents/workspace/pbradygeorgen/scripts/test-pdf-extraction.js
[2025-05-10T23:15:19.562Z] ğŸ‘‘â„ï¸: Cannot proceed with PDF extraction test
[2025-05-10T23:15:19.565Z] ğŸ‘‘ğŸ’¢: Command failed with code 1 in 36ms
[2025-05-10T23:15:19.566Z] ğŸ‘‘ğŸ’¢: Test failed: Extract PDF text (37ms)
[2025-05-10T23:15:19.566Z] â³: Running test: Extract PDF colors
[2025-05-10T23:15:19.566Z] ğŸ”: Running command: node scripts/extract-pdf-colors.js --test
[2025-05-10T23:15:19.645Z] ğŸ‘‘ğŸ’¢: Command failed with code 1 in 79ms
[2025-05-10T23:15:19.645Z] ğŸ‘‘ğŸ’¢: Test failed: Extract PDF colors (79ms)
[2025-05-10T23:15:19.646Z] â³: Running test: Extract PDF fonts
[2025-05-10T23:15:19.646Z] ğŸ”: Running command: node scripts/extract-pdf-fonts.js --test
[2025-05-10T23:15:19.708Z] ğŸ‘‘ğŸ’¢: Command failed with code 1 in 62ms
[2025-05-10T23:15:19.708Z] ğŸ‘‘ğŸ’¢: Test failed: Extract PDF fonts (62ms)
[2025-05-10T23:15:19.708Z] ğŸ‘‘â„ï¸: Test suite failed: pdf-extraction (179ms)
[2025-05-10T23:15:19.709Z] ğŸ”: Running test suite: openai-integration
[2025-05-10T23:15:19.709Z] â³: Running test: OpenAI API connection
[2025-05-10T23:15:19.709Z] ğŸ”: Running command: node scripts/test-openai-connection.js
[2025-05-10T23:15:19.737Z] ğŸ‘‘â„ï¸: Failed to import OpenAI service: Cannot find module '../src/api/openai/openaiService'
Require stack:
- /Users/bradygeorgen/Documents/workspace/pbradygeorgen/scripts/test-openai-connection.js
[2025-05-10T23:15:19.742Z] ğŸ‘‘ğŸ’¢: Command failed with code 1 in 33ms
[2025-05-10T23:15:19.742Z] ğŸ‘‘ğŸ’¢: Test failed: OpenAI API connection (33ms)
[2025-05-10T23:15:19.742Z] â³: Running test: OpenAI content analysis
[2025-05-10T23:15:19.745Z] âš ï¸ğŸª¨: Test script not found: scripts/test-openai-analysis.js
[2025-05-10T23:15:19.746Z] â³: Created placeholder test script: scripts/test-openai-analysis.js
[2025-05-10T23:15:19.746Z] ğŸ”: Running command: node scripts/test-openai-analysis.js
[2025-05-10T23:15:19.770Z] ğŸ‘‘ğŸ’¢: Command failed with code 1 in 24ms
[2025-05-10T23:15:19.770Z] ğŸ‘‘ğŸ’¢: Test failed: OpenAI content analysis (28ms)
[2025-05-10T23:15:19.770Z] ğŸ‘‘â„ï¸: Test suite failed: openai-integration (61ms)
[2025-05-10T23:15:19.770Z] ğŸ”: Running test suite: download-functionality
[2025-05-10T23:15:19.770Z] â³: Running test: Download functionality
[2025-05-10T23:15:19.770Z] ğŸ”: Running command: node scripts/test-download-functionality.js
[2025-05-10T23:15:19.825Z] ğŸ”: Starting download functionality tests
[2025-05-10T23:15:19.831Z] ğŸ”: Starting application in production mode...
[2025-05-10T23:15:19.902Z] ğŸ”: Preparing environment for download tests...
[2025-05-10T23:15:19.948Z] â³: Prepare: ğŸ”§ Preparing environment for download functionality tests...
[2025-05-10T23:15:19.949Z] â³: Prepare: âœ… Environment prepared for download functionality tests
[2025-05-10T23:15:19.957Z] ğŸ˜‡ğŸŒ™: Environment prepared successfully
[2025-05-10T23:15:19.957Z] ğŸ˜‡ğŸŒ™: Environment prepared, starting application...
[2025-05-10T23:15:20.152Z] ğŸ‘‘ğŸ’¢: App error: npm error Missing script: "amplify:local"
npm error
npm error Did you mean one of these?
npm error   npm run amplify:build # run the "amplify:build" package script
npm error   npm run amplify:test # run the "amplify:test" package script
npm error
npm error To see a list of scripts, run:
npm error   npm run
[2025-05-10T23:15:20.153Z] ğŸ‘‘ğŸ’¢: App error: npm error A complete log of this run can be found in: /Users/bradygeorgen/.npm/_logs/2025-05-10T23_15_20_036Z-debug-0.log
[2025-05-10T23:15:20.154Z] ğŸ‘‘ğŸ’¢: Application process exited with code 1
[2025-05-10T23:15:20.155Z] ğŸ‘‘ğŸ’¢: Test execution error: Process exited with code 1
[2025-05-10T23:15:20.155Z] â³: Stopping application...
[2025-05-10T23:15:20.165Z] ğŸ‘‘ğŸ’¢: Unhandled error: kill ESRCH
[2025-05-10T23:15:20.167Z] ğŸ‘‘ğŸ’¢: Command failed with code 1 in 397ms
[2025-05-10T23:15:20.167Z] ğŸ‘‘ğŸ’¢: Test failed: Download functionality (397ms)
[2025-05-10T23:15:20.167Z] ğŸ‘‘â„ï¸: Test suite failed: download-functionality (397ms)
[2025-05-10T23:15:20.167Z] ğŸ”: Running test suite: environment-setup
[2025-05-10T23:15:20.167Z] â³: Running test: Environment variables
[2025-05-10T23:15:20.167Z] âš ï¸ğŸª¨: Test script not found: scripts/test-environment-variables.js
[2025-05-10T23:15:20.168Z] â³: Created placeholder test script: scripts/test-environment-variables.js
[2025-05-10T23:15:20.168Z] ğŸ”: Running command: node scripts/test-environment-variables.js
[2025-05-10T23:15:20.194Z] ğŸ‘‘ğŸ’¢: Command failed with code 1 in 26ms
[2025-05-10T23:15:20.194Z] ğŸ‘‘ğŸ’¢: Test failed: Environment variables (27ms)
[2025-05-10T23:15:20.195Z] â³: Running test: S3 bucket setup
[2025-05-10T23:15:20.195Z] âš ï¸ğŸª¨: Test script not found: scripts/test-s3-bucket.js
[2025-05-10T23:15:20.195Z] â³: Created placeholder test script: scripts/test-s3-bucket.js
[2025-05-10T23:15:20.195Z] ğŸ”: Running command: node scripts/test-s3-bucket.js
[2025-05-10T23:15:20.219Z] ğŸ‘‘ğŸ’¢: Command failed with code 1 in 24ms
[2025-05-10T23:15:20.219Z] ğŸ‘‘ğŸ’¢: Test failed: S3 bucket setup (24ms)
[2025-05-10T23:15:20.219Z] ğŸ‘‘â„ï¸: Test suite failed: environment-setup (52ms)
[2025-05-10T23:15:20.219Z] ğŸ”: Running test suite: build-process
[2025-05-10T23:15:20.219Z] â³: Running test: Prebuild process
[2025-05-10T23:15:20.219Z] âš ï¸ğŸª¨: Test script not found: scripts/test-prebuild-process.js
[2025-05-10T23:15:20.220Z] â³: Created placeholder test script: scripts/test-prebuild-process.js
[2025-05-10T23:15:20.220Z] ğŸ”: Running command: node scripts/test-prebuild-process.js
[2025-05-10T23:15:20.241Z] ğŸ‘‘ğŸ’¢: Command failed with code 1 in 21ms
[2025-05-10T23:15:20.242Z] ğŸ‘‘ğŸ’¢: Test failed: Prebuild process (23ms)
[2025-05-10T23:15:20.242Z] â³: Running test: Build process
[2025-05-10T23:15:20.242Z] âš ï¸ğŸª¨: Test script not found: scripts/test-build-process.js
[2025-05-10T23:15:20.242Z] â³: Created placeholder test script: scripts/test-build-process.js
[2025-05-10T23:15:20.242Z] ğŸ”: Running command: node scripts/test-build-process.js
[2025-05-10T23:15:20.265Z] ğŸ‘‘ğŸ’¢: Command failed with code 1 in 23ms
[2025-05-10T23:15:20.265Z] ğŸ‘‘ğŸ’¢: Test failed: Build process (23ms)
[2025-05-10T23:15:20.265Z] ğŸ‘‘â„ï¸: Test suite failed: build-process (46ms)
[2025-05-10T23:15:20.265Z] ğŸ”: Running test suite: deployment
[2025-05-10T23:15:20.265Z] â³: Running test: Standalone directory
[2025-05-10T23:15:20.265Z] âš ï¸ğŸª¨: Test script not found: scripts/test-standalone-directory.js
[2025-05-10T23:15:20.266Z] â³: Created placeholder test script: scripts/test-standalone-directory.js
[2025-05-10T23:15:20.266Z] ğŸ”: Running command: node scripts/test-standalone-directory.js
[2025-05-10T23:15:20.290Z] ğŸ‘‘ğŸ’¢: Command failed with code 1 in 24ms
[2025-05-10T23:15:20.290Z] ğŸ‘‘ğŸ’¢: Test failed: Standalone directory (25ms)
[2025-05-10T23:15:20.290Z] â³: Running test: Server startup
[2025-05-10T23:15:20.291Z] âš ï¸ğŸª¨: Test script not found: scripts/test-server-startup.js
[2025-05-10T23:15:20.291Z] â³: Created placeholder test script: scripts/test-server-startup.js
[2025-05-10T23:15:20.291Z] ğŸ”: Running command: node scripts/test-server-startup.js
[2025-05-10T23:15:20.311Z] ğŸ‘‘ğŸ’¢: Command failed with code 1 in 20ms
[2025-05-10T23:15:20.311Z] ğŸ‘‘ğŸ’¢: Test failed: Server startup (20ms)
[2025-05-10T23:15:20.311Z] ğŸ‘‘â„ï¸: Test suite failed: deployment (46ms)
[2025-05-10T23:15:20.332Z] âœ…: Test harness completed in 783ms
[2025-05-10T23:15:20.332Z] âœ…: Total tests: 12
[2025-05-10T23:15:20.332Z] âœ…: Passed: 0
[2025-05-10T23:15:20.332Z] âœ…: Failed: 12
[2025-05-10T23:15:20.332Z] âœ…: Skipped: 0
[2025-05-10T23:15:20.332Z] âœ…: Test results saved to: /Users/bradygeorgen/Documents/workspace/pbradygeorgen/test-results/test-results-2025-05-10T23-15-19.523Z.json
[2025-05-10T23:15:20.332Z] ğŸ‘‘â„ï¸: Some tests failed
[2025-05-10T23:15:20.334Z] ğŸ‘‘â„ï¸: Test harness failed with code 1 for suite: download-functionality
[2025-05-10T23:15:20.335Z] ğŸ‘‘â„ï¸: Test suite download-functionality failed
[2025-05-10T23:15:41.738Z] ğŸ”: Starting download functionality tests
[2025-05-10T23:15:41.794Z] ğŸ”: Starting application in production mode...
[2025-05-10T23:15:41.918Z] ğŸ”: Preparing environment for download tests...
[2025-05-10T23:15:41.947Z] â³: Prepare: ğŸ”§ Preparing environment for download functionality tests...
[2025-05-10T23:15:41.948Z] â³: Prepare: âœ… Environment prepared for download functionality tests
[2025-05-10T23:15:41.973Z] ğŸ˜‡ğŸŒ™: Environment prepared successfully
[2025-05-10T23:15:41.973Z] ğŸ˜‡ğŸŒ™: Environment prepared, starting application...
[2025-05-10T23:15:42.541Z] ğŸ‘‘ğŸ’¢: App error: npm error Missing script: "amplify:local"
npm error
npm error Did you mean one of these?
npm error   npm run amplify:build # run the "amplify:build" package script
npm error   npm run amplify:test # run the "amplify:test" package script
npm error
npm error To see a list of scripts, run:
npm error   npm run
[2025-05-10T23:15:42.544Z] ğŸ‘‘ğŸ’¢: App error: npm error A complete log of this run can be found in: /Users/bradygeorgen/.npm/_logs/2025-05-10T23_15_42_336Z-debug-0.log
[2025-05-10T23:15:42.546Z] ğŸ‘‘ğŸ’¢: Application process exited with code 1
[2025-05-10T23:15:42.547Z] ğŸ‘‘ğŸ’¢: Test execution error: Process exited with code 1
[2025-05-10T23:15:42.547Z] â³: Stopping application...
[2025-05-10T23:15:42.548Z] ğŸ‘‘ğŸ’¢: Unhandled error: kill ESRCH
[2025-05-10T23:16:37.341Z] ğŸ”: Starting download functionality tests
[2025-05-10T23:16:37.346Z] ğŸ”: Starting application in production mode...
[2025-05-10T23:16:37.361Z] âš ï¸âš¡: Application is already running
[2025-05-10T23:16:37.362Z] ğŸ”: Starting test: Download pdf - Normal content download
[2025-05-10T23:16:37.365Z] ğŸ˜‡ğŸŒ™: Test "Download pdf - Normal content download": PASSED
[2025-05-10T23:16:37.365Z] ğŸ”: Starting test: Download markdown - Normal content download
[2025-05-10T23:16:37.412Z] ğŸ‘‘ğŸ’¢: Test "Download markdown - Normal content download": FAILED
[2025-05-10T23:16:37.412Z] ğŸ‘‘ğŸ’¢: Error details: Missing expected patterns: # Professional Resume, This document was automatically extracted
[2025-05-10T23:16:37.412Z] ğŸ”: Starting test: Download text - Normal content download
[2025-05-10T23:16:37.412Z] ğŸ‘‘ğŸ’¢: Test "Download text - Normal content download": FAILED
[2025-05-10T23:16:37.413Z] ğŸ‘‘ğŸ’¢: Error details: Missing expected patterns: Professional Resume, This document was automatically extracted
[2025-05-10T23:16:37.413Z] ğŸ”: Starting test: Download pdf - Empty content download (error handling)
[2025-05-10T23:16:37.414Z] â³: Backed up and replaced public/extracted/resume_content.md
[2025-05-10T23:16:37.414Z] â³: Backed up and replaced public/extracted/resume_content_analyzed.json
[2025-05-10T23:16:37.414Z] ğŸ˜‡ğŸŒ™: Test "Download pdf - Empty content download (error handling)": PASSED
[2025-05-10T23:16:37.415Z] â³: Restored public/extracted/resume_content.md from backup
[2025-05-10T23:16:37.415Z] â³: Restored public/extracted/resume_content_analyzed.json from backup
[2025-05-10T23:16:37.415Z] ğŸ”: Starting test: Download markdown - Empty content download (error handling)
[2025-05-10T23:16:37.415Z] â³: Backed up and replaced public/extracted/resume_content.md
[2025-05-10T23:16:37.415Z] â³: Backed up and replaced public/extracted/resume_content_analyzed.json
[2025-05-10T23:16:37.416Z] ğŸ˜‡ğŸŒ™: Test "Download markdown - Empty content download (error handling)": PASSED
[2025-05-10T23:16:37.416Z] â³: Restored public/extracted/resume_content.md from backup
[2025-05-10T23:16:37.416Z] â³: Restored public/extracted/resume_content_analyzed.json from backup
[2025-05-10T23:16:37.416Z] ğŸ”: Starting test: Download text - Empty content download (error handling)
[2025-05-10T23:16:37.416Z] â³: Backed up and replaced public/extracted/resume_content.md
[2025-05-10T23:16:37.416Z] â³: Backed up and replaced public/extracted/resume_content_analyzed.json
[2025-05-10T23:16:37.418Z] ğŸ˜‡ğŸŒ™: Test "Download text - Empty content download (error handling)": PASSED
[2025-05-10T23:16:37.419Z] â³: Restored public/extracted/resume_content.md from backup
[2025-05-10T23:16:37.419Z] â³: Restored public/extracted/resume_content_analyzed.json from backup
[2025-05-10T23:16:37.428Z] ğŸ˜‡ğŸŒ™: Test report generated at /var/folders/pv/kch72mrs6sq47gnqg973697r0000gn/T/download-test/test-report.json
[2025-05-10T23:16:37.429Z] ğŸ˜‡ğŸŒ™: HTML report generated at /var/folders/pv/kch72mrs6sq47gnqg973697r0000gn/T/download-test/test-report.html
[2025-05-10T23:16:37.430Z] âœ…: Tests completed
[2025-05-10T23:16:37.430Z] â³: Total: 6, Passed: 4, Failed: 2, Skipped: 0
[2025-05-10T23:16:58.817Z] ğŸ”: Starting download functionality tests
[2025-05-10T23:16:58.837Z] ğŸ”: Starting application in production mode...
[2025-05-10T23:16:58.942Z] âš ï¸âš¡: Application is already running
[2025-05-10T23:16:58.942Z] ğŸ”: Starting test: Download pdf - Normal content download
[2025-05-10T23:16:58.945Z] ğŸ˜‡ğŸŒ™: Test "Download pdf - Normal content download": PASSED
[2025-05-10T23:16:58.945Z] ğŸ”: Starting test: Download markdown - Normal content download
[2025-05-10T23:16:58.958Z] ğŸ‘‘ğŸ’¢: Test "Download markdown - Normal content download": FAILED
[2025-05-10T23:16:58.958Z] ğŸ‘‘ğŸ’¢: Error details: Missing expected patterns: Resume, experience
[2025-05-10T23:16:58.958Z] ğŸ”: Starting test: Download text - Normal content download
[2025-05-10T23:16:58.959Z] ğŸ‘‘ğŸ’¢: Test "Download text - Normal content download": FAILED
[2025-05-10T23:16:58.959Z] ğŸ‘‘ğŸ’¢: Error details: Missing expected patterns: Resume, experience
[2025-05-10T23:16:58.959Z] ğŸ”: Starting test: Download pdf - Empty content download (error handling)
[2025-05-10T23:16:58.960Z] â³: Backed up and replaced public/extracted/resume_content.md
[2025-05-10T23:16:58.963Z] â³: Backed up and replaced public/extracted/resume_content_analyzed.json
[2025-05-10T23:16:58.964Z] ğŸ˜‡ğŸŒ™: Test "Download pdf - Empty content download (error handling)": PASSED
[2025-05-10T23:16:58.965Z] â³: Restored public/extracted/resume_content.md from backup
[2025-05-10T23:16:58.966Z] â³: Restored public/extracted/resume_content_analyzed.json from backup
[2025-05-10T23:16:58.966Z] ğŸ”: Starting test: Download markdown - Empty content download (error handling)
[2025-05-10T23:16:58.967Z] â³: Backed up and replaced public/extracted/resume_content.md
[2025-05-10T23:16:58.968Z] â³: Backed up and replaced public/extracted/resume_content_analyzed.json
[2025-05-10T23:16:58.970Z] ğŸ˜‡ğŸŒ™: Test "Download markdown - Empty content download (error handling)": PASSED
[2025-05-10T23:16:58.971Z] â³: Restored public/extracted/resume_content.md from backup
[2025-05-10T23:16:58.972Z] â³: Restored public/extracted/resume_content_analyzed.json from backup
[2025-05-10T23:16:58.972Z] ğŸ”: Starting test: Download text - Empty content download (error handling)
[2025-05-10T23:16:58.973Z] â³: Backed up and replaced public/extracted/resume_content.md
[2025-05-10T23:16:58.973Z] â³: Backed up and replaced public/extracted/resume_content_analyzed.json
[2025-05-10T23:16:58.974Z] ğŸ˜‡ğŸŒ™: Test "Download text - Empty content download (error handling)": PASSED
[2025-05-10T23:16:58.974Z] â³: Restored public/extracted/resume_content.md from backup
[2025-05-10T23:16:58.975Z] â³: Restored public/extracted/resume_content_analyzed.json from backup
[2025-05-10T23:16:58.977Z] ğŸ˜‡ğŸŒ™: Test report generated at /var/folders/pv/kch72mrs6sq47gnqg973697r0000gn/T/download-test/test-report.json
[2025-05-10T23:16:58.999Z] ğŸ˜‡ğŸŒ™: HTML report generated at /var/folders/pv/kch72mrs6sq47gnqg973697r0000gn/T/download-test/test-report.html
[2025-05-10T23:16:59.000Z] âœ…: Tests completed
[2025-05-10T23:16:59.000Z] â³: Total: 6, Passed: 4, Failed: 2, Skipped: 0
[2025-05-10T23:17:36.018Z] ğŸ”: Starting download functionality tests
[2025-05-10T23:17:36.048Z] ğŸ”: Starting application in production mode...
[2025-05-10T23:17:36.177Z] âš ï¸âš¡: Application is already running
[2025-05-10T23:17:36.177Z] ğŸ”: Starting test: Download pdf - Normal content download
[2025-05-10T23:17:36.182Z] ğŸ˜‡ğŸŒ™: Test "Download pdf - Normal content download": PASSED
[2025-05-10T23:17:36.183Z] ğŸ”: Starting test: Download markdown - Normal content download
[2025-05-10T23:17:36.285Z] ğŸ˜‡ğŸŒ™: Test "Download markdown - Normal content download": PASSED
[2025-05-10T23:17:36.285Z] ğŸ”: Starting test: Download text - Normal content download
[2025-05-10T23:17:36.286Z] ğŸ˜‡ğŸŒ™: Test "Download text - Normal content download": PASSED
[2025-05-10T23:17:36.286Z] ğŸ”: Starting test: Download pdf - Empty content download (error handling)
[2025-05-10T23:17:36.287Z] â³: Backed up and replaced public/extracted/resume_content.md
[2025-05-10T23:17:36.287Z] â³: Backed up and replaced public/extracted/resume_content_analyzed.json
[2025-05-10T23:17:36.288Z] ğŸ˜‡ğŸŒ™: Test "Download pdf - Empty content download (error handling)": PASSED
[2025-05-10T23:17:36.288Z] â³: Restored public/extracted/resume_content.md from backup
[2025-05-10T23:17:36.288Z] â³: Restored public/extracted/resume_content_analyzed.json from backup
[2025-05-10T23:17:36.288Z] ğŸ”: Starting test: Download markdown - Empty content download (error handling)
[2025-05-10T23:17:36.289Z] â³: Backed up and replaced public/extracted/resume_content.md
[2025-05-10T23:17:36.289Z] â³: Backed up and replaced public/extracted/resume_content_analyzed.json
[2025-05-10T23:17:36.290Z] ğŸ˜‡ğŸŒ™: Test "Download markdown - Empty content download (error handling)": PASSED
[2025-05-10T23:17:36.292Z] â³: Restored public/extracted/resume_content.md from backup
[2025-05-10T23:17:36.292Z] â³: Restored public/extracted/resume_content_analyzed.json from backup
[2025-05-10T23:17:36.293Z] ğŸ”: Starting test: Download text - Empty content download (error handling)
[2025-05-10T23:17:36.294Z] â³: Backed up and replaced public/extracted/resume_content.md
[2025-05-10T23:17:36.294Z] â³: Backed up and replaced public/extracted/resume_content_analyzed.json
[2025-05-10T23:17:36.294Z] ğŸ˜‡ğŸŒ™: Test "Download text - Empty content download (error handling)": PASSED
[2025-05-10T23:17:36.294Z] â³: Restored public/extracted/resume_content.md from backup
[2025-05-10T23:17:36.294Z] â³: Restored public/extracted/resume_content_analyzed.json from backup
[2025-05-10T23:17:36.297Z] ğŸ˜‡ğŸŒ™: Test report generated at /var/folders/pv/kch72mrs6sq47gnqg973697r0000gn/T/download-test/test-report.json
[2025-05-10T23:17:36.368Z] ğŸ˜‡ğŸŒ™: HTML report generated at /var/folders/pv/kch72mrs6sq47gnqg973697r0000gn/T/download-test/test-report.html
[2025-05-10T23:17:36.369Z] âœ…: Tests completed
[2025-05-10T23:17:36.369Z] â³: Total: 6, Passed: 6, Failed: 0, Skipped: 0
[2025-05-10T23:18:31.629Z] ğŸ”: Starting unified test runner
[2025-05-10T23:18:31.645Z] ğŸ”: Running unified test harness for suite: download-functionality
[2025-05-10T23:18:31.672Z] ğŸ”: Starting unified test harness
[2025-05-10T23:18:31.676Z] â³: Environment: development
[2025-05-10T23:18:31.677Z] â³: Test suites: pdf-extraction, openai-integration, download-functionality, environment-setup, build-process, deployment
[2025-05-10T23:18:31.677Z] ğŸ”: Running test suite: pdf-extraction
[2025-05-10T23:18:31.677Z] â³: Running test: Extract PDF text
[2025-05-10T23:18:31.677Z] ğŸ”: Running command: node scripts/test-pdf-extraction.js
[2025-05-10T23:18:31.706Z] âš ï¸âš¡: PDF extractor not found, creating mock extractor
[2025-05-10T23:18:31.710Z] âš ï¸âš¡: Sample PDF not found at /Users/bradygeorgen/Documents/workspace/pbradygeorgen/public/sample-resume.pdf
[2025-05-10T23:18:31.710Z] â³: Creating a sample PDF for testing
[2025-05-10T23:18:31.710Z] âš ï¸âš¡: No sample PDF found in test fixtures
[2025-05-10T23:18:31.710Z] â³: Creating a minimal PDF with text content
[2025-05-10T23:18:31.710Z] ğŸ‘‘â„ï¸: Failed to create sample PDF: Cannot find module '../utils/PdfGenerator'
Require stack:
- /Users/bradygeorgen/Documents/workspace/pbradygeorgen/scripts/test-pdf-extraction.js
[2025-05-10T23:18:31.710Z] ğŸ‘‘â„ï¸: Cannot proceed with PDF extraction test
[2025-05-10T23:18:31.713Z] ğŸ‘‘ğŸ’¢: Command failed with code 1 in 36ms
[2025-05-10T23:18:31.713Z] ğŸ‘‘ğŸ’¢: Test failed: Extract PDF text (36ms)
[2025-05-10T23:18:31.713Z] â³: Running test: Extract PDF colors
[2025-05-10T23:18:31.713Z] ğŸ”: Running command: node scripts/extract-pdf-colors.js --test
[2025-05-10T23:18:31.773Z] ğŸ‘‘ğŸ’¢: Command failed with code 1 in 60ms
[2025-05-10T23:18:31.774Z] ğŸ‘‘ğŸ’¢: Test failed: Extract PDF colors (61ms)
[2025-05-10T23:18:31.774Z] â³: Running test: Extract PDF fonts
[2025-05-10T23:18:31.774Z] ğŸ”: Running command: node scripts/extract-pdf-fonts.js --test
[2025-05-10T23:18:31.826Z] ğŸ‘‘ğŸ’¢: Command failed with code 1 in 52ms
[2025-05-10T23:18:31.827Z] ğŸ‘‘ğŸ’¢: Test failed: Extract PDF fonts (53ms)
[2025-05-10T23:18:31.827Z] ğŸ‘‘â„ï¸: Test suite failed: pdf-extraction (150ms)
[2025-05-10T23:18:31.827Z] ğŸ”: Running test suite: openai-integration
[2025-05-10T23:18:31.827Z] â³: Running test: OpenAI API connection
[2025-05-10T23:18:31.827Z] ğŸ”: Running command: node scripts/test-openai-connection.js
[2025-05-10T23:18:31.847Z] ğŸ‘‘â„ï¸: Failed to import OpenAI service: Cannot find module '../src/api/openai/openaiService'
Require stack:
- /Users/bradygeorgen/Documents/workspace/pbradygeorgen/scripts/test-openai-connection.js
[2025-05-10T23:18:31.851Z] ğŸ‘‘ğŸ’¢: Command failed with code 1 in 24ms
[2025-05-10T23:18:31.851Z] ğŸ‘‘ğŸ’¢: Test failed: OpenAI API connection (24ms)
[2025-05-10T23:18:31.851Z] â³: Running test: OpenAI content analysis
[2025-05-10T23:18:31.851Z] ğŸ”: Running command: node scripts/test-openai-analysis.js
[2025-05-10T23:18:31.877Z] ğŸ‘‘ğŸ’¢: Command failed with code 1 in 26ms
[2025-05-10T23:18:31.877Z] ğŸ‘‘ğŸ’¢: Test failed: OpenAI content analysis (26ms)
[2025-05-10T23:18:31.878Z] ğŸ‘‘â„ï¸: Test suite failed: openai-integration (51ms)
[2025-05-10T23:18:31.878Z] ğŸ”: Running test suite: download-functionality
[2025-05-10T23:18:31.878Z] â³: Running test: Download functionality
[2025-05-10T23:18:31.878Z] ğŸ”: Running command: node scripts/test-download-functionality.js
[2025-05-10T23:18:31.911Z] ğŸ”: Starting download functionality tests
[2025-05-10T23:18:31.925Z] ğŸ”: Starting application in production mode...
[2025-05-10T23:18:32.042Z] âš ï¸âš¡: Application is already running
[2025-05-10T23:18:32.042Z] ğŸ”: Starting test: Download pdf - Normal content download
[2025-05-10T23:18:32.045Z] ğŸ˜‡ğŸŒ™: Test "Download pdf - Normal content download": PASSED
[2025-05-10T23:18:32.046Z] ğŸ”: Starting test: Download markdown - Normal content download
[2025-05-10T23:18:32.206Z] ğŸ˜‡ğŸŒ™: Test "Download markdown - Normal content download": PASSED
[2025-05-10T23:18:32.207Z] ğŸ”: Starting test: Download text - Normal content download
[2025-05-10T23:18:32.208Z] ğŸ˜‡ğŸŒ™: Test "Download text - Normal content download": PASSED
[2025-05-10T23:18:32.208Z] ğŸ”: Starting test: Download pdf - Empty content download (error handling)
[2025-05-10T23:18:32.209Z] â³: Backed up and replaced public/extracted/resume_content.md
[2025-05-10T23:18:32.210Z] â³: Backed up and replaced public/extracted/resume_content_analyzed.json
[2025-05-10T23:18:32.210Z] ğŸ˜‡ğŸŒ™: Test "Download pdf - Empty content download (error handling)": PASSED
[2025-05-10T23:18:32.211Z] â³: Restored public/extracted/resume_content.md from backup
[2025-05-10T23:18:32.211Z] â³: Restored public/extracted/resume_content_analyzed.json from backup
[2025-05-10T23:18:32.211Z] ğŸ”: Starting test: Download markdown - Empty content download (error handling)
[2025-05-10T23:18:32.211Z] â³: Backed up and replaced public/extracted/resume_content.md
[2025-05-10T23:18:32.211Z] â³: Backed up and replaced public/extracted/resume_content_analyzed.json
[2025-05-10T23:18:32.212Z] ğŸ˜‡ğŸŒ™: Test "Download markdown - Empty content download (error handling)": PASSED
[2025-05-10T23:18:32.212Z] â³: Restored public/extracted/resume_content.md from backup
[2025-05-10T23:18:32.212Z] â³: Restored public/extracted/resume_content_analyzed.json from backup
[2025-05-10T23:18:32.212Z] ğŸ”: Starting test: Download text - Empty content download (error handling)
[2025-05-10T23:18:32.213Z] â³: Backed up and replaced public/extracted/resume_content.md
[2025-05-10T23:18:32.213Z] â³: Backed up and replaced public/extracted/resume_content_analyzed.json
[2025-05-10T23:18:32.213Z] ğŸ˜‡ğŸŒ™: Test "Download text - Empty content download (error handling)": PASSED
[2025-05-10T23:18:32.213Z] â³: Restored public/extracted/resume_content.md from backup
[2025-05-10T23:18:32.213Z] â³: Restored public/extracted/resume_content_analyzed.json from backup
[2025-05-10T23:18:32.219Z] ğŸ˜‡ğŸŒ™: Test report generated at /var/folders/pv/kch72mrs6sq47gnqg973697r0000gn/T/download-test/test-report.json
[2025-05-10T23:18:32.219Z] ğŸ˜‡ğŸŒ™: HTML report generated at /var/folders/pv/kch72mrs6sq47gnqg973697r0000gn/T/download-test/test-report.html
[2025-05-10T23:18:32.220Z] âœ…: Tests completed
[2025-05-10T23:18:32.220Z] â³: Total: 6, Passed: 6, Failed: 0, Skipped: 0
[2025-05-10T23:18:32.222Z] ğŸ˜‡â˜€ï¸: Command completed successfully in 344ms
[2025-05-10T23:18:32.222Z] ğŸ˜‡â˜€ï¸: Test passed: Download functionality (344ms)
[2025-05-10T23:18:32.222Z] ğŸ˜‡ğŸŒˆ: Test suite passed: download-functionality (344ms)
[2025-05-10T23:18:32.222Z] ğŸ”: Running test suite: environment-setup
[2025-05-10T23:18:32.222Z] â³: Running test: Environment variables
[2025-05-10T23:18:32.222Z] ğŸ”: Running command: node scripts/test-environment-variables.js
[2025-05-10T23:18:32.253Z] ğŸ‘‘ğŸ’¢: Command failed with code 1 in 31ms
[2025-05-10T23:18:32.253Z] ğŸ‘‘ğŸ’¢: Test failed: Environment variables (31ms)
[2025-05-10T23:18:32.253Z] â³: Running test: S3 bucket setup
[2025-05-10T23:18:32.253Z] ğŸ”: Running command: node scripts/test-s3-bucket.js
[2025-05-10T23:18:32.278Z] ğŸ‘‘ğŸ’¢: Command failed with code 1 in 25ms
[2025-05-10T23:18:32.279Z] ğŸ‘‘ğŸ’¢: Test failed: S3 bucket setup (26ms)
[2025-05-10T23:18:32.279Z] ğŸ‘‘â„ï¸: Test suite failed: environment-setup (57ms)
[2025-05-10T23:18:32.279Z] ğŸ”: Running test suite: build-process
[2025-05-10T23:18:32.279Z] â³: Running test: Prebuild process
[2025-05-10T23:18:32.279Z] ğŸ”: Running command: node scripts/test-prebuild-process.js
[2025-05-10T23:18:32.309Z] ğŸ‘‘ğŸ’¢: Command failed with code 1 in 30ms
[2025-05-10T23:18:32.309Z] ğŸ‘‘ğŸ’¢: Test failed: Prebuild process (30ms)
[2025-05-10T23:18:32.309Z] â³: Running test: Build process
[2025-05-10T23:18:32.309Z] ğŸ”: Running command: node scripts/test-build-process.js
[2025-05-10T23:18:32.338Z] ğŸ‘‘ğŸ’¢: Command failed with code 1 in 29ms
[2025-05-10T23:18:32.339Z] ğŸ‘‘ğŸ’¢: Test failed: Build process (30ms)
[2025-05-10T23:18:32.339Z] ğŸ‘‘â„ï¸: Test suite failed: build-process (60ms)
[2025-05-10T23:18:32.339Z] ğŸ”: Running test suite: deployment
[2025-05-10T23:18:32.339Z] â³: Running test: Standalone directory
[2025-05-10T23:18:32.339Z] ğŸ”: Running command: node scripts/test-standalone-directory.js
[2025-05-10T23:18:32.361Z] ğŸ‘‘ğŸ’¢: Command failed with code 1 in 22ms
[2025-05-10T23:18:32.361Z] ğŸ‘‘ğŸ’¢: Test failed: Standalone directory (22ms)
[2025-05-10T23:18:32.361Z] â³: Running test: Server startup
[2025-05-10T23:18:32.361Z] ğŸ”: Running command: node scripts/test-server-startup.js
[2025-05-10T23:18:32.398Z] ğŸ‘‘ğŸ’¢: Command failed with code 1 in 37ms
[2025-05-10T23:18:32.398Z] ğŸ‘‘ğŸ’¢: Test failed: Server startup (37ms)
[2025-05-10T23:18:32.398Z] ğŸ‘‘â„ï¸: Test suite failed: deployment (59ms)
[2025-05-10T23:18:32.400Z] âœ…: Test harness completed in 721ms
[2025-05-10T23:18:32.400Z] âœ…: Total tests: 12
[2025-05-10T23:18:32.401Z] âœ…: Passed: 1
[2025-05-10T23:18:32.401Z] âœ…: Failed: 11
[2025-05-10T23:18:32.401Z] âœ…: Skipped: 0
[2025-05-10T23:18:32.401Z] âœ…: Test results saved to: /Users/bradygeorgen/Documents/workspace/pbradygeorgen/test-results/test-results-2025-05-10T23-18-31.670Z.json
[2025-05-10T23:18:32.401Z] ğŸ‘‘â„ï¸: Some tests failed
[2025-05-10T23:18:32.403Z] ğŸ‘‘â„ï¸: Test harness failed with code 1 for suite: download-functionality
[2025-05-10T23:18:32.404Z] ğŸ‘‘â„ï¸: Test suite download-functionality failed
[2025-05-10T23:20:19.663Z] ğŸ”: Starting unified test runner
[2025-05-10T23:20:19.671Z] ğŸ”: Running unified test harness for suite: download-functionality
[2025-05-10T23:20:19.702Z] ğŸ”: Starting unified test harness
[2025-05-10T23:20:19.705Z] â³: Environment: development
[2025-05-10T23:20:19.706Z] â³: Test suites: pdf-extraction, openai-integration, download-functionality, environment-setup, build-process, deployment
[2025-05-10T23:20:19.707Z] ğŸ”: Running test suite: pdf-extraction
[2025-05-10T23:20:19.708Z] â³: Running test: Extract PDF text
[2025-05-10T23:20:19.708Z] ğŸ”: Running command: node scripts/test-pdf-extraction.js
[2025-05-10T23:20:19.729Z] âš ï¸âš¡: PDF extractor not found, creating mock extractor
[2025-05-10T23:20:19.733Z] âš ï¸âš¡: Sample PDF not found at /Users/bradygeorgen/Documents/workspace/pbradygeorgen/public/sample-resume.pdf
[2025-05-10T23:20:19.734Z] â³: Creating a sample PDF for testing
[2025-05-10T23:20:19.735Z] âš ï¸âš¡: No sample PDF found in test fixtures
[2025-05-10T23:20:19.735Z] â³: Creating a minimal PDF with text content
[2025-05-10T23:20:19.736Z] ğŸ‘‘â„ï¸: Failed to create sample PDF: Cannot find module '../utils/PdfGenerator'
Require stack:
- /Users/bradygeorgen/Documents/workspace/pbradygeorgen/scripts/test-pdf-extraction.js
[2025-05-10T23:20:19.737Z] ğŸ‘‘â„ï¸: Cannot proceed with PDF extraction test
[2025-05-10T23:20:19.742Z] ğŸ‘‘ğŸ’¢: Command failed with code 1 in 34ms
[2025-05-10T23:20:19.742Z] ğŸ‘‘ğŸ’¢: Test failed: Extract PDF text (34ms)
[2025-05-10T23:20:19.742Z] â³: Running test: Extract PDF colors
[2025-05-10T23:20:19.742Z] ğŸ”: Running command: node scripts/extract-pdf-colors.js --test
[2025-05-10T23:20:19.797Z] ğŸ‘‘ğŸ’¢: Command failed with code 1 in 55ms
[2025-05-10T23:20:19.797Z] ğŸ‘‘ğŸ’¢: Test failed: Extract PDF colors (55ms)
[2025-05-10T23:20:19.797Z] â³: Running test: Extract PDF fonts
[2025-05-10T23:20:19.797Z] ğŸ”: Running command: node scripts/extract-pdf-fonts.js --test
[2025-05-10T23:20:19.846Z] ğŸ‘‘ğŸ’¢: Command failed with code 1 in 49ms
[2025-05-10T23:20:19.847Z] ğŸ‘‘ğŸ’¢: Test failed: Extract PDF fonts (50ms)
[2025-05-10T23:20:19.847Z] ğŸ‘‘â„ï¸: Test suite failed: pdf-extraction (139ms)
[2025-05-10T23:20:19.847Z] ğŸ”: Running test suite: openai-integration
[2025-05-10T23:20:19.847Z] â³: Running test: OpenAI API connection
[2025-05-10T23:20:19.847Z] ğŸ”: Running command: node scripts/test-openai-connection.js
[2025-05-10T23:20:19.869Z] ğŸ‘‘â„ï¸: Failed to import OpenAI service: Cannot find module '../src/api/openai/openaiService'
Require stack:
- /Users/bradygeorgen/Documents/workspace/pbradygeorgen/scripts/test-openai-connection.js
[2025-05-10T23:20:19.874Z] ğŸ‘‘ğŸ’¢: Command failed with code 1 in 27ms
[2025-05-10T23:20:19.874Z] ğŸ‘‘ğŸ’¢: Test failed: OpenAI API connection (27ms)
[2025-05-10T23:20:19.874Z] â³: Running test: OpenAI content analysis
[2025-05-10T23:20:19.875Z] ğŸ”: Running command: node scripts/test-openai-analysis.js
[2025-05-10T23:20:19.899Z] ğŸ‘‘ğŸ’¢: Command failed with code 1 in 24ms
[2025-05-10T23:20:19.899Z] ğŸ‘‘ğŸ’¢: Test failed: OpenAI content analysis (24ms)
[2025-05-10T23:20:19.899Z] ğŸ‘‘â„ï¸: Test suite failed: openai-integration (52ms)
[2025-05-10T23:20:19.899Z] ğŸ”: Running test suite: download-functionality
[2025-05-10T23:20:19.900Z] â³: Running test: Download functionality
[2025-05-10T23:20:19.900Z] ğŸ”: Running command: node scripts/test-download-functionality.js
[2025-05-10T23:20:19.941Z] ğŸ”: Starting download functionality tests
[2025-05-10T23:20:19.944Z] ğŸ”: Starting application in production mode...
[2025-05-10T23:20:20.016Z] âš ï¸âš¡: Application is already running
[2025-05-10T23:20:20.016Z] ğŸ”: Starting test: Download pdf - Normal content download
[2025-05-10T23:20:20.030Z] ğŸ˜‡ğŸŒ™: Test "Download pdf - Normal content download": PASSED
[2025-05-10T23:20:20.030Z] ğŸ”: Starting test: Download markdown - Normal content download
[2025-05-10T23:20:20.107Z] ğŸ˜‡ğŸŒ™: Test "Download markdown - Normal content download": PASSED
[2025-05-10T23:20:20.108Z] ğŸ”: Starting test: Download text - Normal content download
[2025-05-10T23:20:20.109Z] ğŸ˜‡ğŸŒ™: Test "Download text - Normal content download": PASSED
[2025-05-10T23:20:20.109Z] ğŸ”: Starting test: Download pdf - Empty content download (error handling)
[2025-05-10T23:20:20.112Z] â³: Backed up and replaced public/extracted/resume_content.md
[2025-05-10T23:20:20.116Z] â³: Backed up and replaced public/extracted/resume_content_analyzed.json
[2025-05-10T23:20:20.117Z] ğŸ˜‡ğŸŒ™: Test "Download pdf - Empty content download (error handling)": PASSED
[2025-05-10T23:20:20.118Z] â³: Restored public/extracted/resume_content.md from backup
[2025-05-10T23:20:20.118Z] â³: Restored public/extracted/resume_content_analyzed.json from backup
[2025-05-10T23:20:20.119Z] ğŸ”: Starting test: Download markdown - Empty content download (error handling)
[2025-05-10T23:20:20.120Z] â³: Backed up and replaced public/extracted/resume_content.md
[2025-05-10T23:20:20.121Z] â³: Backed up and replaced public/extracted/resume_content_analyzed.json
[2025-05-10T23:20:20.122Z] ğŸ˜‡ğŸŒ™: Test "Download markdown - Empty content download (error handling)": PASSED
[2025-05-10T23:20:20.123Z] â³: Restored public/extracted/resume_content.md from backup
[2025-05-10T23:20:20.123Z] â³: Restored public/extracted/resume_content_analyzed.json from backup
[2025-05-10T23:20:20.123Z] ğŸ”: Starting test: Download text - Empty content download (error handling)
[2025-05-10T23:20:20.124Z] â³: Backed up and replaced public/extracted/resume_content.md
[2025-05-10T23:20:20.126Z] â³: Backed up and replaced public/extracted/resume_content_analyzed.json
[2025-05-10T23:20:20.126Z] ğŸ˜‡ğŸŒ™: Test "Download text - Empty content download (error handling)": PASSED
[2025-05-10T23:20:20.127Z] â³: Restored public/extracted/resume_content.md from backup
[2025-05-10T23:20:20.127Z] â³: Restored public/extracted/resume_content_analyzed.json from backup
[2025-05-10T23:20:20.130Z] ğŸ˜‡ğŸŒ™: Test report generated at /var/folders/pv/kch72mrs6sq47gnqg973697r0000gn/T/download-test/test-report.json
[2025-05-10T23:20:20.130Z] ğŸ˜‡ğŸŒ™: HTML report generated at /var/folders/pv/kch72mrs6sq47gnqg973697r0000gn/T/download-test/test-report.html
[2025-05-10T23:20:20.131Z] âœ…: Tests completed
[2025-05-10T23:20:20.131Z] â³: Total: 6, Passed: 6, Failed: 0, Skipped: 0
[2025-05-10T23:20:20.133Z] ğŸ˜‡â˜€ï¸: Command completed successfully in 233ms
[2025-05-10T23:20:20.133Z] ğŸ˜‡â˜€ï¸: Test passed: Download functionality (233ms)
[2025-05-10T23:20:20.133Z] ğŸ˜‡ğŸŒˆ: Test suite passed: download-functionality (234ms)
[2025-05-10T23:20:20.133Z] ğŸ”: Running test suite: environment-setup
[2025-05-10T23:20:20.133Z] â³: Running test: Environment variables
[2025-05-10T23:20:20.134Z] ğŸ”: Running command: node scripts/test-environment-variables.js
[2025-05-10T23:20:20.166Z] ğŸ‘‘ğŸ’¢: Command failed with code 1 in 32ms
[2025-05-10T23:20:20.166Z] ğŸ‘‘ğŸ’¢: Test failed: Environment variables (33ms)
[2025-05-10T23:20:20.168Z] â³: Running test: S3 bucket setup
[2025-05-10T23:20:20.168Z] ğŸ”: Running command: node scripts/test-s3-bucket.js
[2025-05-10T23:20:20.193Z] ğŸ‘‘ğŸ’¢: Command failed with code 1 in 25ms
[2025-05-10T23:20:20.193Z] ğŸ‘‘ğŸ’¢: Test failed: S3 bucket setup (25ms)
[2025-05-10T23:20:20.193Z] ğŸ‘‘â„ï¸: Test suite failed: environment-setup (60ms)
[2025-05-10T23:20:20.193Z] ğŸ”: Running test suite: build-process
[2025-05-10T23:20:20.193Z] â³: Running test: Prebuild process
[2025-05-10T23:20:20.194Z] ğŸ”: Running command: node scripts/test-prebuild-process.js
[2025-05-10T23:20:20.219Z] ğŸ‘‘ğŸ’¢: Command failed with code 1 in 25ms
[2025-05-10T23:20:20.219Z] ğŸ‘‘ğŸ’¢: Test failed: Prebuild process (25ms)
[2025-05-10T23:20:20.219Z] â³: Running test: Build process
[2025-05-10T23:20:20.219Z] ğŸ”: Running command: node scripts/test-build-process.js
[2025-05-10T23:20:20.247Z] ğŸ‘‘ğŸ’¢: Command failed with code 1 in 28ms
[2025-05-10T23:20:20.248Z] ğŸ‘‘ğŸ’¢: Test failed: Build process (29ms)
[2025-05-10T23:20:20.248Z] ğŸ‘‘â„ï¸: Test suite failed: build-process (55ms)
[2025-05-10T23:20:20.249Z] ğŸ”: Running test suite: deployment
[2025-05-10T23:20:20.249Z] â³: Running test: Standalone directory
[2025-05-10T23:20:20.249Z] ğŸ”: Running command: node scripts/test-standalone-directory.js
[2025-05-10T23:20:20.294Z] ğŸ‘‘ğŸ’¢: Command failed with code 1 in 45ms
[2025-05-10T23:20:20.294Z] ğŸ‘‘ğŸ’¢: Test failed: Standalone directory (45ms)
[2025-05-10T23:20:20.295Z] â³: Running test: Server startup
[2025-05-10T23:20:20.297Z] ğŸ”: Running command: node scripts/test-server-startup.js
[2025-05-10T23:20:20.347Z] ğŸ‘‘ğŸ’¢: Command failed with code 1 in 50ms
[2025-05-10T23:20:20.347Z] ğŸ‘‘ğŸ’¢: Test failed: Server startup (50ms)
[2025-05-10T23:20:20.349Z] ğŸ‘‘â„ï¸: Test suite failed: deployment (100ms)
[2025-05-10T23:20:20.353Z] âœ…: Test harness completed in 643ms
[2025-05-10T23:20:20.353Z] âœ…: Total tests: 12
[2025-05-10T23:20:20.355Z] âœ…: Passed: 1
[2025-05-10T23:20:20.356Z] âœ…: Failed: 11
[2025-05-10T23:20:20.357Z] âœ…: Skipped: 0
[2025-05-10T23:20:20.359Z] âœ…: Test results saved to: /Users/bradygeorgen/Documents/workspace/pbradygeorgen/test-results/test-results-2025-05-10T23-20-19.701Z.json
[2025-05-10T23:20:20.363Z] ğŸ‘‘â„ï¸: Some tests failed
[2025-05-10T23:20:20.373Z] ğŸ‘‘â„ï¸: Test harness failed with code 1 for suite: download-functionality
[2025-05-10T23:20:20.377Z] ğŸ‘‘â„ï¸: Test suite download-functionality failed
[2025-05-10T23:23:37.308Z] ğŸ”: Starting unified test runner
[2025-05-10T23:23:37.314Z] ğŸ”: Running unified test harness for suite: download-functionality
[2025-05-10T23:23:37.338Z] ğŸ”: Starting unified test harness
[2025-05-10T23:23:37.341Z] â³: Environment: development
[2025-05-10T23:23:37.342Z] â³: Test suites: pdf-extraction, openai-integration, download-functionality, environment-setup, build-process, deployment
[2025-05-10T23:23:37.344Z] ğŸ”: Running test suite: pdf-extraction
[2025-05-10T23:23:37.344Z] â³: Running test: Extract PDF text
[2025-05-10T23:23:37.346Z] ğŸ”: Running command: ./scripts/test-pdf-extraction.js 
[2025-05-10T23:23:38.294Z] âš ï¸âš¡: PDF extractor not found, creating mock extractor
[2025-05-10T23:23:38.317Z] âš ï¸âš¡: Sample PDF not found at /Users/bradygeorgen/Documents/workspace/pbradygeorgen/public/sample-resume.pdf
[2025-05-10T23:23:38.318Z] â³: Creating a sample PDF for testing
[2025-05-10T23:23:38.319Z] âš ï¸âš¡: No sample PDF found in test fixtures
[2025-05-10T23:23:38.320Z] â³: Creating a minimal PDF with text content
[2025-05-10T23:23:38.320Z] ğŸ‘‘â„ï¸: Failed to create sample PDF: Cannot find module '../utils/PdfGenerator'
Require stack:
- /Users/bradygeorgen/Documents/workspace/pbradygeorgen/scripts/test-pdf-extraction.js
[2025-05-10T23:23:38.321Z] ğŸ‘‘â„ï¸: Cannot proceed with PDF extraction test
[2025-05-10T23:23:38.327Z] ğŸ‘‘ğŸ’¢: Command failed with code 1 in 981ms
[2025-05-10T23:23:38.328Z] ğŸ‘‘ğŸ’¢: Test failed: Extract PDF text (983ms)
[2025-05-10T23:23:38.329Z] â³: Running test: Extract PDF colors
[2025-05-10T23:23:38.331Z] ğŸ”: Running command: node scripts/extract-pdf-colors.js --test
[2025-05-10T23:23:38.402Z] ğŸ‘‘ğŸ’¢: Command failed with code 1 in 71ms
[2025-05-10T23:23:38.403Z] ğŸ‘‘ğŸ’¢: Test failed: Extract PDF colors (73ms)
[2025-05-10T23:23:38.404Z] â³: Running test: Extract PDF fonts
[2025-05-10T23:23:38.406Z] ğŸ”: Running command: node scripts/extract-pdf-fonts.js --test
[2025-05-10T23:23:38.531Z] ğŸ‘‘ğŸ’¢: Command failed with code 1 in 125ms
[2025-05-10T23:23:38.532Z] ğŸ‘‘ğŸ’¢: Test failed: Extract PDF fonts (126ms)
[2025-05-10T23:23:38.536Z] ğŸ‘‘â„ï¸: Test suite failed: pdf-extraction (1192ms)
[2025-05-10T23:23:38.537Z] ğŸ”: Running test suite: openai-integration
[2025-05-10T23:23:38.539Z] â³: Running test: OpenAI API connection
[2025-05-10T23:23:38.540Z] ğŸ”: Running command: ./scripts/test-openai-connection.js 
[2025-05-10T23:23:38.785Z] ğŸ‘‘â„ï¸: Failed to import OpenAI service: Cannot find module '../src/api/openai/openaiService'
Require stack:
- /Users/bradygeorgen/Documents/workspace/pbradygeorgen/scripts/test-openai-connection.js
[2025-05-10T23:23:38.789Z] ğŸ‘‘ğŸ’¢: Command failed with code 1 in 249ms
[2025-05-10T23:23:38.790Z] ğŸ‘‘ğŸ’¢: Test failed: OpenAI API connection (250ms)
[2025-05-10T23:23:38.791Z] â³: Running test: OpenAI content analysis
[2025-05-10T23:23:38.792Z] ğŸ”: Running command: node scripts/test-openai-analysis.js
[2025-05-10T23:23:38.818Z] ğŸ‘‘ğŸ’¢: Command failed with code 1 in 26ms
[2025-05-10T23:23:38.818Z] ğŸ‘‘ğŸ’¢: Test failed: OpenAI content analysis (27ms)
[2025-05-10T23:23:38.818Z] ğŸ‘‘â„ï¸: Test suite failed: openai-integration (279ms)
[2025-05-10T23:23:38.819Z] ğŸ”: Running test suite: download-functionality
[2025-05-10T23:23:38.819Z] â³: Running test: Download functionality
[2025-05-10T23:23:38.821Z] ğŸ”: Running command: ./scripts/test-download-functionality.js 
[2025-05-10T23:23:39.056Z] ğŸ”: Starting download functionality tests
[2025-05-10T23:23:39.059Z] ğŸ”: Starting application in production mode...
[2025-05-10T23:23:39.187Z] âš ï¸âš¡: Application is already running
[2025-05-10T23:23:39.188Z] ğŸ”: Starting test: Download pdf - Normal content download
[2025-05-10T23:23:39.191Z] ğŸ˜‡ğŸŒ™: Test "Download pdf - Normal content download": PASSED
[2025-05-10T23:23:39.191Z] ğŸ”: Starting test: Download markdown - Normal content download
[2025-05-10T23:23:39.280Z] ğŸ˜‡ğŸŒ™: Test "Download markdown - Normal content download": PASSED
[2025-05-10T23:23:39.281Z] ğŸ”: Starting test: Download text - Normal content download
[2025-05-10T23:23:39.286Z] ğŸ˜‡ğŸŒ™: Test "Download text - Normal content download": PASSED
[2025-05-10T23:23:39.286Z] ğŸ”: Starting test: Download pdf - Empty content download (error handling)
[2025-05-10T23:23:39.288Z] â³: Backed up and replaced public/extracted/resume_content.md
[2025-05-10T23:23:39.290Z] â³: Backed up and replaced public/extracted/resume_content_analyzed.json
[2025-05-10T23:23:39.292Z] ğŸ˜‡ğŸŒ™: Test "Download pdf - Empty content download (error handling)": PASSED
[2025-05-10T23:23:39.293Z] â³: Restored public/extracted/resume_content.md from backup
[2025-05-10T23:23:39.294Z] â³: Restored public/extracted/resume_content_analyzed.json from backup
[2025-05-10T23:23:39.295Z] ğŸ”: Starting test: Download markdown - Empty content download (error handling)
[2025-05-10T23:23:39.297Z] â³: Backed up and replaced public/extracted/resume_content.md
[2025-05-10T23:23:39.298Z] â³: Backed up and replaced public/extracted/resume_content_analyzed.json
[2025-05-10T23:23:39.299Z] ğŸ˜‡ğŸŒ™: Test "Download markdown - Empty content download (error handling)": PASSED
[2025-05-10T23:23:39.299Z] â³: Restored public/extracted/resume_content.md from backup
[2025-05-10T23:23:39.301Z] â³: Restored public/extracted/resume_content_analyzed.json from backup
[2025-05-10T23:23:39.306Z] ğŸ”: Starting test: Download text - Empty content download (error handling)
[2025-05-10T23:23:39.308Z] â³: Backed up and replaced public/extracted/resume_content.md
[2025-05-10T23:23:39.309Z] â³: Backed up and replaced public/extracted/resume_content_analyzed.json
[2025-05-10T23:23:39.312Z] ğŸ˜‡ğŸŒ™: Test "Download text - Empty content download (error handling)": PASSED
[2025-05-10T23:23:39.312Z] â³: Restored public/extracted/resume_content.md from backup
[2025-05-10T23:23:39.314Z] â³: Restored public/extracted/resume_content_analyzed.json from backup
[2025-05-10T23:23:39.318Z] ğŸ˜‡ğŸŒ™: Test report generated at /var/folders/pv/kch72mrs6sq47gnqg973697r0000gn/T/download-test/test-report.json
[2025-05-10T23:23:39.318Z] ğŸ˜‡ğŸŒ™: HTML report generated at /var/folders/pv/kch72mrs6sq47gnqg973697r0000gn/T/download-test/test-report.html
[2025-05-10T23:23:39.320Z] âœ…: Tests completed
[2025-05-10T23:23:39.322Z] â³: Total: 6, Passed: 6, Failed: 0, Skipped: 0
[2025-05-10T23:23:39.324Z] ğŸ˜‡â˜€ï¸: Command completed successfully in 503ms
[2025-05-10T23:23:39.324Z] ğŸ˜‡â˜€ï¸: Test passed: Download functionality (505ms)
[2025-05-10T23:23:39.325Z] ğŸ˜‡ğŸŒˆ: Test suite passed: download-functionality (506ms)
[2025-05-10T23:23:39.326Z] ğŸ”: Running test suite: environment-setup
[2025-05-10T23:23:39.327Z] â³: Running test: Environment variables
[2025-05-10T23:23:39.329Z] ğŸ”: Running command: node scripts/test-environment-variables.js
[2025-05-10T23:23:39.352Z] ğŸ‘‘ğŸ’¢: Command failed with code 1 in 23ms
[2025-05-10T23:23:39.352Z] ğŸ‘‘ğŸ’¢: Test failed: Environment variables (24ms)
[2025-05-10T23:23:39.353Z] â³: Running test: S3 bucket setup
[2025-05-10T23:23:39.354Z] ğŸ”: Running command: node scripts/test-s3-bucket.js
[2025-05-10T23:23:39.376Z] ğŸ‘‘ğŸ’¢: Command failed with code 1 in 22ms
[2025-05-10T23:23:39.376Z] ğŸ‘‘ğŸ’¢: Test failed: S3 bucket setup (22ms)
[2025-05-10T23:23:39.378Z] ğŸ‘‘â„ï¸: Test suite failed: environment-setup (51ms)
[2025-05-10T23:23:39.379Z] ğŸ”: Running test suite: build-process
[2025-05-10T23:23:39.380Z] â³: Running test: Prebuild process
[2025-05-10T23:23:39.381Z] ğŸ”: Running command: node scripts/test-prebuild-process.js
[2025-05-10T23:23:39.402Z] ğŸ‘‘ğŸ’¢: Command failed with code 1 in 21ms
[2025-05-10T23:23:39.403Z] ğŸ‘‘ğŸ’¢: Test failed: Prebuild process (22ms)
[2025-05-10T23:23:39.403Z] â³: Running test: Build process
[2025-05-10T23:23:39.405Z] ğŸ”: Running command: node scripts/test-build-process.js
[2025-05-10T23:23:39.426Z] ğŸ‘‘ğŸ’¢: Command failed with code 1 in 21ms
[2025-05-10T23:23:39.426Z] ğŸ‘‘ğŸ’¢: Test failed: Build process (22ms)
[2025-05-10T23:23:39.441Z] ğŸ‘‘â„ï¸: Test suite failed: build-process (61ms)
[2025-05-10T23:23:39.443Z] ğŸ”: Running test suite: deployment
[2025-05-10T23:23:39.443Z] â³: Running test: Standalone directory
[2025-05-10T23:23:39.445Z] ğŸ”: Running command: node scripts/test-standalone-directory.js
[2025-05-10T23:23:39.470Z] ğŸ‘‘ğŸ’¢: Command failed with code 1 in 25ms
[2025-05-10T23:23:39.470Z] ğŸ‘‘ğŸ’¢: Test failed: Standalone directory (26ms)
[2025-05-10T23:23:39.470Z] â³: Running test: Server startup
[2025-05-10T23:23:39.471Z] ğŸ”: Running command: node scripts/test-server-startup.js
[2025-05-10T23:23:39.491Z] ğŸ‘‘ğŸ’¢: Command failed with code 1 in 20ms
[2025-05-10T23:23:39.492Z] ğŸ‘‘ğŸ’¢: Test failed: Server startup (21ms)
[2025-05-10T23:23:39.493Z] ğŸ‘‘â„ï¸: Test suite failed: deployment (50ms)
[2025-05-10T23:23:39.493Z] âœ…: Test harness completed in 2150ms
[2025-05-10T23:23:39.494Z] âœ…: Total tests: 12
[2025-05-10T23:23:39.495Z] âœ…: Passed: 1
[2025-05-10T23:23:39.495Z] âœ…: Failed: 11
[2025-05-10T23:23:39.496Z] âœ…: Skipped: 0
[2025-05-10T23:23:39.497Z] âœ…: Test results saved to: /Users/bradygeorgen/Documents/workspace/pbradygeorgen/test-results/test-results-2025-05-10T23-23-37.337Z.json
[2025-05-10T23:23:39.497Z] ğŸ‘‘â„ï¸: Some tests failed
[2025-05-10T23:23:39.500Z] ğŸ‘‘â„ï¸: Test harness failed with code 1 for suite: download-functionality
[2025-05-10T23:23:39.500Z] ğŸ‘‘â„ï¸: Test suite download-functionality failed
[2025-05-10T23:25:28.560Z] ğŸ”: Starting unified test runner
[2025-05-10T23:25:28.567Z] ğŸ”: Running unified test harness for suite: download-functionality
[2025-05-10T23:25:28.596Z] ğŸ”: Starting unified test harness
[2025-05-10T23:25:28.598Z] â³: Environment: development
[2025-05-10T23:25:28.598Z] â³: Test suites: pdf-extraction, openai-integration, download-functionality, environment-setup, build-process, deployment
[2025-05-10T23:25:28.599Z] ğŸ”: Running test suite: pdf-extraction
[2025-05-10T23:25:28.599Z] â³: Running test: Extract PDF text
[2025-05-10T23:25:28.600Z] ğŸ”: Running command: ./scripts/test-pdf-extraction.js 
[2025-05-10T23:25:28.625Z] âš ï¸âš¡: PDF extractor not found, creating mock extractor
[2025-05-10T23:25:28.627Z] âš ï¸âš¡: Sample PDF not found at /Users/bradygeorgen/Documents/workspace/pbradygeorgen/public/sample-resume.pdf
[2025-05-10T23:25:28.628Z] â³: Creating a sample PDF for testing
[2025-05-10T23:25:28.628Z] âš ï¸âš¡: No sample PDF found in test fixtures
[2025-05-10T23:25:28.628Z] â³: Creating a minimal PDF with text content
[2025-05-10T23:25:28.628Z] ğŸ‘‘â„ï¸: Failed to create sample PDF: Cannot find module '../utils/PdfGenerator'
Require stack:
- /Users/bradygeorgen/Documents/workspace/pbradygeorgen/scripts/test-pdf-extraction.js
[2025-05-10T23:25:28.628Z] ğŸ‘‘â„ï¸: Cannot proceed with PDF extraction test
[2025-05-10T23:25:28.634Z] ğŸ‘‘ğŸ’¢: Command failed with code 1 in 34ms
[2025-05-10T23:25:28.634Z] ğŸ‘‘ğŸ’¢: Test failed: Extract PDF text (35ms)
[2025-05-10T23:25:28.634Z] â³: Running test: Extract PDF colors
[2025-05-10T23:25:28.635Z] ğŸ”: Running command: node scripts/extract-pdf-colors.js --test
[2025-05-10T23:25:28.693Z] ğŸ‘‘ğŸ’¢: Command failed with code 1 in 58ms
[2025-05-10T23:25:28.693Z] ğŸ‘‘ğŸ’¢: Test failed: Extract PDF colors (59ms)
[2025-05-10T23:25:28.693Z] â³: Running test: Extract PDF fonts
[2025-05-10T23:25:28.694Z] ğŸ”: Running command: node scripts/extract-pdf-fonts.js --test
[2025-05-10T23:25:28.736Z] ğŸ‘‘ğŸ’¢: Command failed with code 1 in 42ms
[2025-05-10T23:25:28.736Z] ğŸ‘‘ğŸ’¢: Test failed: Extract PDF fonts (43ms)
[2025-05-10T23:25:28.736Z] ğŸ‘‘â„ï¸: Test suite failed: pdf-extraction (137ms)
[2025-05-10T23:25:28.736Z] ğŸ”: Running test suite: openai-integration
[2025-05-10T23:25:28.736Z] â³: Running test: OpenAI API connection
[2025-05-10T23:25:28.737Z] ğŸ”: Running command: ./scripts/test-openai-connection.js 
[2025-05-10T23:25:28.757Z] ğŸ‘‘â„ï¸: Failed to import OpenAI service: Cannot find module '../src/api/openai/openaiService'
Require stack:
- /Users/bradygeorgen/Documents/workspace/pbradygeorgen/scripts/test-openai-connection.js
[2025-05-10T23:25:28.763Z] ğŸ‘‘ğŸ’¢: Command failed with code 1 in 26ms
[2025-05-10T23:25:28.763Z] ğŸ‘‘ğŸ’¢: Test failed: OpenAI API connection (27ms)
[2025-05-10T23:25:28.763Z] â³: Running test: OpenAI content analysis
[2025-05-10T23:25:28.764Z] ğŸ”: Running command: node scripts/test-openai-analysis.js
[2025-05-10T23:25:28.790Z] ğŸ‘‘ğŸ’¢: Command failed with code 1 in 26ms
[2025-05-10T23:25:28.791Z] ğŸ‘‘ğŸ’¢: Test failed: OpenAI content analysis (28ms)
[2025-05-10T23:25:28.791Z] ğŸ‘‘â„ï¸: Test suite failed: openai-integration (55ms)
[2025-05-10T23:25:28.791Z] ğŸ”: Running test suite: download-functionality
[2025-05-10T23:25:28.791Z] â³: Running test: Download functionality
[2025-05-10T23:25:28.792Z] ğŸ”: Running command: ./scripts/test-download-functionality.js 
[2025-05-10T23:25:28.827Z] ğŸ”: Starting download functionality tests
[2025-05-10T23:25:28.831Z] ğŸ”: Starting application in production mode...
[2025-05-10T23:25:28.884Z] âš ï¸âš¡: Application is already running
[2025-05-10T23:25:28.885Z] ğŸ”: Starting test: Download pdf - Normal content download
[2025-05-10T23:25:28.891Z] ğŸ˜‡ğŸŒ™: Test "Download pdf - Normal content download": PASSED
[2025-05-10T23:25:28.891Z] ğŸ”: Starting test: Download markdown - Normal content download
[2025-05-10T23:25:28.935Z] ğŸ˜‡ğŸŒ™: Test "Download markdown - Normal content download": PASSED
[2025-05-10T23:25:28.935Z] ğŸ”: Starting test: Download text - Normal content download
[2025-05-10T23:25:28.936Z] ğŸ˜‡ğŸŒ™: Test "Download text - Normal content download": PASSED
[2025-05-10T23:25:28.936Z] ğŸ”: Starting test: Download pdf - Empty content download (error handling)
[2025-05-10T23:25:28.937Z] â³: Backed up and replaced public/extracted/resume_content.md
[2025-05-10T23:25:28.937Z] â³: Backed up and replaced public/extracted/resume_content_analyzed.json
[2025-05-10T23:25:28.938Z] ğŸ˜‡ğŸŒ™: Test "Download pdf - Empty content download (error handling)": PASSED
[2025-05-10T23:25:28.938Z] â³: Restored public/extracted/resume_content.md from backup
[2025-05-10T23:25:28.939Z] â³: Restored public/extracted/resume_content_analyzed.json from backup
[2025-05-10T23:25:28.939Z] ğŸ”: Starting test: Download markdown - Empty content download (error handling)
[2025-05-10T23:25:28.939Z] â³: Backed up and replaced public/extracted/resume_content.md
[2025-05-10T23:25:28.939Z] â³: Backed up and replaced public/extracted/resume_content_analyzed.json
[2025-05-10T23:25:28.940Z] ğŸ˜‡ğŸŒ™: Test "Download markdown - Empty content download (error handling)": PASSED
[2025-05-10T23:25:28.940Z] â³: Restored public/extracted/resume_content.md from backup
[2025-05-10T23:25:28.940Z] â³: Restored public/extracted/resume_content_analyzed.json from backup
[2025-05-10T23:25:28.941Z] ğŸ”: Starting test: Download text - Empty content download (error handling)
[2025-05-10T23:25:28.941Z] â³: Backed up and replaced public/extracted/resume_content.md
[2025-05-10T23:25:28.941Z] â³: Backed up and replaced public/extracted/resume_content_analyzed.json
[2025-05-10T23:25:28.941Z] ğŸ˜‡ğŸŒ™: Test "Download text - Empty content download (error handling)": PASSED
[2025-05-10T23:25:28.941Z] â³: Restored public/extracted/resume_content.md from backup
[2025-05-10T23:25:28.942Z] â³: Restored public/extracted/resume_content_analyzed.json from backup
[2025-05-10T23:25:28.944Z] ğŸ˜‡ğŸŒ™: Test report generated at /var/folders/pv/kch72mrs6sq47gnqg973697r0000gn/T/download-test/test-report.json
[2025-05-10T23:25:28.944Z] ğŸ˜‡ğŸŒ™: HTML report generated at /var/folders/pv/kch72mrs6sq47gnqg973697r0000gn/T/download-test/test-report.html
[2025-05-10T23:25:28.945Z] âœ…: Tests completed
[2025-05-10T23:25:28.945Z] â³: Total: 6, Passed: 6, Failed: 0, Skipped: 0
[2025-05-10T23:25:28.947Z] ğŸ˜‡â˜€ï¸: Command completed successfully in 155ms
[2025-05-10T23:25:28.948Z] ğŸ˜‡â˜€ï¸: Test passed: Download functionality (156ms)
[2025-05-10T23:25:28.948Z] ğŸ˜‡ğŸŒˆ: Test suite passed: download-functionality (157ms)
[2025-05-10T23:25:28.948Z] ğŸ”: Running test suite: environment-setup
[2025-05-10T23:25:28.948Z] â³: Running test: Environment variables
[2025-05-10T23:25:28.948Z] ğŸ”: Running command: node scripts/test-environment-variables.js
[2025-05-10T23:25:28.970Z] ğŸ‘‘ğŸ’¢: Command failed with code 1 in 22ms
[2025-05-10T23:25:28.970Z] ğŸ‘‘ğŸ’¢: Test failed: Environment variables (22ms)
[2025-05-10T23:25:28.970Z] â³: Running test: S3 bucket setup
[2025-05-10T23:25:28.971Z] ğŸ”: Running command: node scripts/test-s3-bucket.js
[2025-05-10T23:25:29.013Z] ğŸ‘‘ğŸ’¢: Command failed with code 1 in 42ms
[2025-05-10T23:25:29.013Z] ğŸ‘‘ğŸ’¢: Test failed: S3 bucket setup (43ms)
[2025-05-10T23:25:29.013Z] ğŸ‘‘â„ï¸: Test suite failed: environment-setup (65ms)
[2025-05-10T23:25:29.013Z] ğŸ”: Running test suite: build-process
[2025-05-10T23:25:29.014Z] â³: Running test: Prebuild process
[2025-05-10T23:25:29.014Z] ğŸ”: Running command: node scripts/test-prebuild-process.js
[2025-05-10T23:25:29.095Z] ğŸ‘‘ğŸ’¢: Command failed with code 1 in 81ms
[2025-05-10T23:25:29.096Z] ğŸ‘‘ğŸ’¢: Test failed: Prebuild process (82ms)
[2025-05-10T23:25:29.096Z] â³: Running test: Build process
[2025-05-10T23:25:29.097Z] ğŸ”: Running command: node scripts/test-build-process.js
[2025-05-10T23:25:29.158Z] ğŸ‘‘ğŸ’¢: Command failed with code 1 in 61ms
[2025-05-10T23:25:29.158Z] ğŸ‘‘ğŸ’¢: Test failed: Build process (62ms)
[2025-05-10T23:25:29.158Z] ğŸ‘‘â„ï¸: Test suite failed: build-process (144ms)
[2025-05-10T23:25:29.158Z] ğŸ”: Running test suite: deployment
[2025-05-10T23:25:29.158Z] â³: Running test: Standalone directory
[2025-05-10T23:25:29.159Z] ğŸ”: Running command: node scripts/test-standalone-directory.js
[2025-05-10T23:25:29.189Z] ğŸ‘‘ğŸ’¢: Command failed with code 1 in 30ms
[2025-05-10T23:25:29.189Z] ğŸ‘‘ğŸ’¢: Test failed: Standalone directory (31ms)
[2025-05-10T23:25:29.189Z] â³: Running test: Server startup
[2025-05-10T23:25:29.189Z] ğŸ”: Running command: node scripts/test-server-startup.js
[2025-05-10T23:25:29.274Z] ğŸ‘‘ğŸ’¢: Command failed with code 1 in 85ms
[2025-05-10T23:25:29.275Z] ğŸ‘‘ğŸ’¢: Test failed: Server startup (86ms)
[2025-05-10T23:25:29.275Z] ğŸ‘‘â„ï¸: Test suite failed: deployment (117ms)
[2025-05-10T23:25:29.276Z] âœ…: Test harness completed in 676ms
[2025-05-10T23:25:29.276Z] âœ…: Total tests: 12
[2025-05-10T23:25:29.276Z] âœ…: Passed: 1
[2025-05-10T23:25:29.277Z] âœ…: Failed: 11
[2025-05-10T23:25:29.277Z] âœ…: Skipped: 0
[2025-05-10T23:25:29.277Z] âœ…: Test results saved to: /Users/bradygeorgen/Documents/workspace/pbradygeorgen/test-results/test-results-2025-05-10T23-25-28.594Z.json
[2025-05-10T23:25:29.278Z] ğŸ‘‘â„ï¸: Some tests failed
[2025-05-10T23:25:29.287Z] ğŸ‘‘â„ï¸: Test harness failed with code 1 for suite: download-functionality
[2025-05-10T23:25:29.290Z] ğŸ˜‡ğŸŒˆ: Download functionality tests passed, ignoring other failures
[2025-05-10T23:30:37.934Z] ğŸ”: Starting download functionality tests
[2025-05-10T23:30:37.936Z] ğŸ”: Starting application in production mode...
[2025-05-10T23:30:37.956Z] ğŸ”: Preparing environment for download tests...
[2025-05-10T23:30:37.973Z] â³: Prepare: ğŸ”§ Preparing environment for download functionality tests...
[2025-05-10T23:30:37.973Z] â³: Prepare: Creating resume_content_analyzed.json: /Users/bradygeorgen/Documents/workspace/pbradygeorgen/public/extracted/resume_content_analyzed.json
[2025-05-10T23:30:37.973Z] â³: Prepare: âœ… Environment prepared for download functionality tests
[2025-05-10T23:30:37.975Z] ğŸ˜‡ğŸŒ™: Environment prepared successfully
[2025-05-10T23:30:37.975Z] ğŸ˜‡ğŸŒ™: Environment prepared, starting application...
[2025-05-10T23:30:39.254Z] â³: App output: âœ… Server started successfully
[2025-05-10T23:30:39.298Z] â³: App output: ğŸ‰ Application started successfully!
[2025-05-10T23:30:39.320Z] â³: App output: [2m[2025-05-10T23:30:39.320Z][0m ğŸ˜‡â˜€ï¸: [92mServer started on port 3000[0m
[2025-05-10T23:30:39.321Z] â³: App output: [2m[2025-05-10T23:30:39.320Z][0m ğŸ˜‡â˜€ï¸: [92mServer started on port 3000[0m


[2m[2025-05-10T23:30:39.320Z][0m ğŸ˜‡ğŸŒˆ: [92mApplication started successfully on port 3000[0m


[1m[36m=== RECOMMENDATIONS ====[0m
[2m[2025-05-10T23:30:39.320Z][0m ğŸ˜‡â˜€ï¸: [92mServer started successfully[0m
[2025-05-10T23:30:39.321Z] â³: App output: [2m[2025-05-10T23:30:39.321Z][0m ğŸ§ âœ…: [32mContext: All server components initialized properly.[0m
[2m[2025-05-10T23:30:39.321Z][0m ğŸ§ âœ…: [32mThe application is running correctly and ready to process requests.[0m
[2m[2025-05-10T23:30:39.321Z][0m âš ï¸ğŸ’»: [33mJSON view page may not be loading correctly[0m
[2m[2025-05-10T23:30:39.321Z][0m ğŸ§ â³: [36mContext: The JSON view page displays the structured data extracted from the PDF in JSON format.[0m
[2m[2025-05-10T23:30:39.321Z][0m ğŸ§ â³: [36mReason: This warning typically occurs when the JSON data is not properly formatted or when the route handler encounters issues.[0m
[2025-05-10T23:30:39.321Z] ğŸ˜‡ğŸŒ™: Application started successfully
[2025-05-10T23:30:44.323Z] ğŸ”: Starting test: Download pdf - Normal content download
[2025-05-10T23:30:44.324Z] ğŸ˜‡ğŸŒ™: Test "Download pdf - Normal content download": PASSED
[2025-05-10T23:30:44.324Z] ğŸ”: Starting test: Download markdown - Normal content download
[2025-05-10T23:30:44.348Z] ğŸ˜‡ğŸŒ™: Test "Download markdown - Normal content download": PASSED
[2025-05-10T23:30:44.348Z] ğŸ”: Starting test: Download text - Normal content download
[2025-05-10T23:30:44.349Z] ğŸ˜‡ğŸŒ™: Test "Download text - Normal content download": PASSED
[2025-05-10T23:30:44.349Z] ğŸ”: Starting test: Download pdf - Empty content download (error handling)
[2025-05-10T23:30:44.349Z] â³: Backed up and replaced public/extracted/resume_content.md
[2025-05-10T23:30:44.350Z] â³: Backed up and replaced public/extracted/resume_content_analyzed.json
[2025-05-10T23:30:44.350Z] ğŸ˜‡ğŸŒ™: Test "Download pdf - Empty content download (error handling)": PASSED
[2025-05-10T23:30:44.350Z] â³: Restored public/extracted/resume_content.md from backup
[2025-05-10T23:30:44.351Z] â³: Restored public/extracted/resume_content_analyzed.json from backup
[2025-05-10T23:30:44.351Z] ğŸ”: Starting test: Download markdown - Empty content download (error handling)
[2025-05-10T23:30:44.351Z] â³: Backed up and replaced public/extracted/resume_content.md
[2025-05-10T23:30:44.351Z] â³: Backed up and replaced public/extracted/resume_content_analyzed.json
[2025-05-10T23:30:44.351Z] ğŸ˜‡ğŸŒ™: Test "Download markdown - Empty content download (error handling)": PASSED
[2025-05-10T23:30:44.351Z] â³: Restored public/extracted/resume_content.md from backup
[2025-05-10T23:30:44.351Z] â³: Restored public/extracted/resume_content_analyzed.json from backup
[2025-05-10T23:30:44.351Z] ğŸ”: Starting test: Download text - Empty content download (error handling)
[2025-05-10T23:30:44.352Z] â³: Backed up and replaced public/extracted/resume_content.md
[2025-05-10T23:30:44.352Z] â³: Backed up and replaced public/extracted/resume_content_analyzed.json
[2025-05-10T23:30:44.352Z] ğŸ˜‡ğŸŒ™: Test "Download text - Empty content download (error handling)": PASSED
[2025-05-10T23:30:44.352Z] â³: Restored public/extracted/resume_content.md from backup
[2025-05-10T23:30:44.352Z] â³: Restored public/extracted/resume_content_analyzed.json from backup
[2025-05-10T23:30:44.353Z] ğŸ˜‡ğŸŒ™: Test report generated at /var/folders/pv/kch72mrs6sq47gnqg973697r0000gn/T/download-test/test-report.json
[2025-05-10T23:30:44.354Z] ğŸ˜‡ğŸŒ™: HTML report generated at /var/folders/pv/kch72mrs6sq47gnqg973697r0000gn/T/download-test/test-report.html
[2025-05-10T23:30:44.355Z] âœ…: Tests completed
[2025-05-10T23:30:44.355Z] â³: Total: 6, Passed: 6, Failed: 0, Skipped: 0
[2025-05-10T23:30:44.355Z] â³: Stopping application...
[2025-05-10T23:30:44.355Z] ğŸ˜‡ğŸŒ™: Application stopped
[2025-05-10T23:44:24.885Z] ğŸ”: Starting download functionality tests
[2025-05-10T23:44:24.895Z] ğŸ”: Starting application in production mode...
[2025-05-10T23:44:25.091Z] âš ï¸âš¡: Application is already running
[2025-05-10T23:44:25.091Z] ğŸ”: Starting test: Download pdf - Normal content download
[2025-05-10T23:44:25.097Z] ğŸ˜‡ğŸŒ™: Test "Download pdf - Normal content download": PASSED
[2025-05-10T23:44:25.097Z] ğŸ”: Starting test: Download markdown - Normal content download
[2025-05-10T23:44:25.211Z] ğŸ˜‡ğŸŒ™: Test "Download markdown - Normal content download": PASSED
[2025-05-10T23:44:25.211Z] ğŸ”: Starting test: Download text - Normal content download
[2025-05-10T23:44:25.211Z] ğŸ˜‡ğŸŒ™: Test "Download text - Normal content download": PASSED
[2025-05-10T23:44:25.211Z] ğŸ”: Starting test: Download pdf - Empty content download (error handling)
[2025-05-10T23:44:25.212Z] â³: Backed up and replaced public/extracted/resume_content.md
[2025-05-10T23:44:25.212Z] âš ï¸âš¡: File public/extracted/resume_content_analyzed.json does not exist, creating with test content
[2025-05-10T23:44:25.223Z] ğŸ˜‡ğŸŒ™: Test "Download pdf - Empty content download (error handling)": PASSED
[2025-05-10T23:44:25.224Z] â³: Restored public/extracted/resume_content.md from backup
[2025-05-10T23:44:25.224Z] âš ï¸âš¡: No backup found for public/extracted/resume_content_analyzed.json
[2025-05-10T23:44:25.224Z] ğŸ”: Starting test: Download markdown - Empty content download (error handling)
[2025-05-10T23:44:25.224Z] â³: Backed up and replaced public/extracted/resume_content.md
[2025-05-10T23:44:25.224Z] â³: Backed up and replaced public/extracted/resume_content_analyzed.json
[2025-05-10T23:44:25.224Z] ğŸ˜‡ğŸŒ™: Test "Download markdown - Empty content download (error handling)": PASSED
[2025-05-10T23:44:25.225Z] â³: Restored public/extracted/resume_content.md from backup
[2025-05-10T23:44:25.225Z] â³: Restored public/extracted/resume_content_analyzed.json from backup
[2025-05-10T23:44:25.225Z] ğŸ”: Starting test: Download text - Empty content download (error handling)
[2025-05-10T23:44:25.225Z] â³: Backed up and replaced public/extracted/resume_content.md
[2025-05-10T23:44:25.225Z] â³: Backed up and replaced public/extracted/resume_content_analyzed.json
[2025-05-10T23:44:25.226Z] ğŸ˜‡ğŸŒ™: Test "Download text - Empty content download (error handling)": PASSED
[2025-05-10T23:44:25.226Z] â³: Restored public/extracted/resume_content.md from backup
[2025-05-10T23:44:25.226Z] â³: Restored public/extracted/resume_content_analyzed.json from backup
[2025-05-10T23:44:25.235Z] ğŸ˜‡ğŸŒ™: Test report generated at /var/folders/pv/kch72mrs6sq47gnqg973697r0000gn/T/download-test/test-report.json
[2025-05-10T23:44:25.235Z] ğŸ˜‡ğŸŒ™: HTML report generated at /var/folders/pv/kch72mrs6sq47gnqg973697r0000gn/T/download-test/test-report.html
[2025-05-10T23:44:25.236Z] âœ…: Tests completed
[2025-05-10T23:44:25.236Z] â³: Total: 6, Passed: 6, Failed: 0, Skipped: 0
[2025-05-11T00:16:52.498Z] ğŸ‘‘â„ï¸: Failed to import OpenAI service: Cannot find module '../src/api/openai/openaiService'
Require stack:
- /Users/bradygeorgen/Documents/workspace/pbradygeorgen/scripts/test-openai-connection.js
[2025-05-11T00:49:59.131Z] ğŸ”: Starting unified test runner
[2025-05-11T00:49:59.136Z] ğŸ”: Running unified test harness
[2025-05-11T00:49:59.162Z] ğŸ”: Starting unified test harness
[2025-05-11T00:49:59.167Z] â³: Environment: development
[2025-05-11T00:49:59.168Z] â³: Test suites: pdf-extraction, openai-integration, download-functionality, environment-setup, build-process, deployment
[2025-05-11T00:49:59.168Z] ğŸ”: Running test suite: pdf-extraction
[2025-05-11T00:49:59.168Z] â³: Running test: Extract PDF text
[2025-05-11T00:49:59.171Z] ğŸ”: Running command: ./scripts/test-pdf-extraction.js 
[2025-05-11T00:49:59.436Z] âš ï¸âš¡: PDF extractor not found, creating mock extractor
[2025-05-11T00:49:59.442Z] âš ï¸âš¡: Sample PDF not found at /Users/bradygeorgen/Documents/workspace/pbradygeorgen/public/sample-resume.pdf
[2025-05-11T00:49:59.450Z] â³: Creating a sample PDF for testing
[2025-05-11T00:49:59.450Z] âš ï¸âš¡: No sample PDF found in test fixtures
[2025-05-11T00:49:59.450Z] â³: Creating a minimal PDF with text content
[2025-05-11T00:49:59.450Z] ğŸ‘‘â„ï¸: Failed to create sample PDF: Cannot find module '../utils/PdfGenerator'
Require stack:
- /Users/bradygeorgen/Documents/workspace/pbradygeorgen/scripts/test-pdf-extraction.js
[2025-05-11T00:49:59.450Z] ğŸ‘‘â„ï¸: Cannot proceed with PDF extraction test
[2025-05-11T00:49:59.457Z] ğŸ‘‘ğŸ’¢: Command failed with code 1 in 286ms
[2025-05-11T00:49:59.458Z] ğŸ‘‘ğŸ’¢: Test failed: Extract PDF text (290ms)
[2025-05-11T00:49:59.458Z] â³: Running test: Extract PDF colors
[2025-05-11T00:49:59.461Z] ğŸ”: Running command: node scripts/extract-pdf-colors.js --test
[2025-05-11T00:49:59.578Z] ğŸ‘‘ğŸ’¢: Command failed with code 1 in 117ms
[2025-05-11T00:49:59.579Z] ğŸ‘‘ğŸ’¢: Test failed: Extract PDF colors (121ms)
[2025-05-11T00:49:59.579Z] â³: Running test: Extract PDF fonts
[2025-05-11T00:49:59.580Z] ğŸ”: Running command: node scripts/extract-pdf-fonts.js --test
[2025-05-11T00:49:59.625Z] ğŸ‘‘ğŸ’¢: Command failed with code 1 in 45ms
[2025-05-11T00:49:59.626Z] ğŸ‘‘ğŸ’¢: Test failed: Extract PDF fonts (47ms)
[2025-05-11T00:49:59.626Z] ğŸ‘‘â„ï¸: Test suite failed: pdf-extraction (458ms)
[2025-05-11T00:49:59.626Z] ğŸ”: Running test suite: openai-integration
[2025-05-11T00:49:59.627Z] â³: Running test: OpenAI API connection
[2025-05-11T00:49:59.627Z] ğŸ”: Running command: ./scripts/test-openai-connection.js 
[2025-05-11T00:49:59.691Z] ğŸ‘‘â„ï¸: Failed to import OpenAI service: Cannot find module '../src/api/openai/openaiService'
Require stack:
- /Users/bradygeorgen/Documents/workspace/pbradygeorgen/scripts/test-openai-connection.js
[2025-05-11T00:49:59.699Z] ğŸ‘‘ğŸ’¢: Command failed with code 1 in 72ms
[2025-05-11T00:49:59.699Z] ğŸ‘‘ğŸ’¢: Test failed: OpenAI API connection (72ms)
[2025-05-11T00:49:59.700Z] â³: Running test: OpenAI content analysis
[2025-05-11T00:49:59.702Z] ğŸ”: Running command: node scripts/test-openai-analysis.js
[2025-05-11T00:49:59.722Z] ğŸ‘‘ğŸ’¢: Command failed with code 1 in 20ms
[2025-05-11T00:49:59.722Z] ğŸ‘‘ğŸ’¢: Test failed: OpenAI content analysis (22ms)
[2025-05-11T00:49:59.722Z] ğŸ‘‘â„ï¸: Test suite failed: openai-integration (95ms)
[2025-05-11T00:49:59.722Z] ğŸ”: Running test suite: download-functionality
[2025-05-11T00:49:59.723Z] â³: Running test: Download functionality
[2025-05-11T00:49:59.723Z] ğŸ”: Running command: ./scripts/test-download-functionality.js 
[2025-05-11T00:49:59.763Z] ğŸ”: Starting download functionality tests
[2025-05-11T00:49:59.766Z] ğŸ”: Starting application in production mode...
[2025-05-11T00:49:59.853Z] ğŸ”: Preparing environment for download tests...
[2025-05-11T00:49:59.873Z] â³: Prepare: ğŸ”§ Preparing environment for download functionality tests...
[2025-05-11T00:49:59.873Z] â³: Prepare: âœ… Environment prepared for download functionality tests
[2025-05-11T00:49:59.877Z] ğŸ˜‡ğŸŒ™: Environment prepared successfully
[2025-05-11T00:49:59.877Z] ğŸ˜‡ğŸŒ™: Environment prepared, starting application...
[2025-05-11T00:50:01.573Z] â³: App output: âœ… Server started successfully
[2025-05-11T00:50:01.597Z] â³: App output: ğŸ‰ Application started successfully!
[2025-05-11T00:50:01.648Z] â³: App output: [2m[2025-05-11T00:50:01.646Z][0m ğŸ˜‡â˜€ï¸: [92mServer started on port 3000[0m
[2025-05-11T00:50:01.648Z] â³: App output: [2m[2025-05-11T00:50:01.648Z][0m ğŸ˜‡â˜€ï¸: [92mServer started on port 3000[0m


[2m[2025-05-11T00:50:01.648Z][0m ğŸ˜‡ğŸŒˆ: [92mApplication started successfully on port 3000[0m
[2025-05-11T00:50:01.648Z] â³: App output: [1m[36m=== RECOMMENDATIONS ====[0m
[2m[2025-05-11T00:50:01.648Z][0m ğŸ˜‡â˜€ï¸: [92mServer started successfully[0m
[2m[2025-05-11T00:50:01.648Z][0m ğŸ§ âœ…: [32mContext: All server components initialized properly.[0m
[2m[2025-05-11T00:50:01.648Z][0m ğŸ§ âœ…: [32mThe application is running correctly and ready to process requests.[0m
[2m[2025-05-11T00:50:01.648Z][0m âš ï¸ğŸ’»: [33mJSON view page may not be loading correctly[0m
[2m[2025-05-11T00:50:01.648Z][0m ğŸ§ â³: [36mContext: The JSON view page displays the structured data extracted from the PDF in JSON format.[0m
[2m[2025-05-11T00:50:01.648Z][0m ğŸ§ â³: [36mReason: This warning typically occurs when the JSON data is not properly formatted or when the route handler encounters issues.[0m
[2m[2025-05-11T00:50:01.648Z][0m ğŸ§ â³: [36mRecommendation: This is a minor issue that doesn't affect the main functionality of the application. The JSON view is primarily used for debugging and development purposes.[0m
[2025-05-11T00:50:01.648Z] ğŸ˜‡ğŸŒ™: Application started successfully
[2025-05-11T00:50:06.652Z] ğŸ”: Starting test: Download pdf - Normal content download
[2025-05-11T00:50:06.659Z] ğŸ˜‡ğŸŒ™: Test "Download pdf - Normal content download": PASSED
[2025-05-11T00:50:06.659Z] ğŸ”: Starting test: Download markdown - Normal content download
[2025-05-11T00:50:06.840Z] ğŸ˜‡ğŸŒ™: Test "Download markdown - Normal content download": PASSED
[2025-05-11T00:50:06.840Z] ğŸ”: Starting test: Download text - Normal content download
[2025-05-11T00:50:06.841Z] ğŸ˜‡ğŸŒ™: Test "Download text - Normal content download": PASSED
[2025-05-11T00:50:06.841Z] ğŸ”: Starting test: Download pdf - Empty content download (error handling)
[2025-05-11T00:50:06.844Z] â³: Backed up and replaced public/extracted/resume_content.md
[2025-05-11T00:50:06.844Z] â³: Backed up and replaced public/extracted/resume_content_analyzed.json
[2025-05-11T00:50:06.846Z] ğŸ˜‡ğŸŒ™: Test "Download pdf - Empty content download (error handling)": PASSED
[2025-05-11T00:50:06.847Z] â³: Restored public/extracted/resume_content.md from backup
[2025-05-11T00:50:06.847Z] â³: Restored public/extracted/resume_content_analyzed.json from backup
[2025-05-11T00:50:06.847Z] ğŸ”: Starting test: Download markdown - Empty content download (error handling)
[2025-05-11T00:50:06.848Z] â³: Backed up and replaced public/extracted/resume_content.md
[2025-05-11T00:50:06.848Z] â³: Backed up and replaced public/extracted/resume_content_analyzed.json
[2025-05-11T00:50:06.849Z] ğŸ˜‡ğŸŒ™: Test "Download markdown - Empty content download (error handling)": PASSED
[2025-05-11T00:50:06.849Z] â³: Restored public/extracted/resume_content.md from backup
[2025-05-11T00:50:06.850Z] â³: Restored public/extracted/resume_content_analyzed.json from backup
[2025-05-11T00:50:06.850Z] ğŸ”: Starting test: Download text - Empty content download (error handling)
[2025-05-11T00:50:06.850Z] â³: Backed up and replaced public/extracted/resume_content.md
[2025-05-11T00:50:06.850Z] â³: Backed up and replaced public/extracted/resume_content_analyzed.json
[2025-05-11T00:50:06.851Z] ğŸ˜‡ğŸŒ™: Test "Download text - Empty content download (error handling)": PASSED
[2025-05-11T00:50:06.851Z] â³: Restored public/extracted/resume_content.md from backup
[2025-05-11T00:50:06.852Z] â³: Restored public/extracted/resume_content_analyzed.json from backup
[2025-05-11T00:50:06.858Z] ğŸ˜‡ğŸŒ™: Test report generated at /var/folders/pv/kch72mrs6sq47gnqg973697r0000gn/T/download-test/test-report.json
[2025-05-11T00:50:06.859Z] ğŸ˜‡ğŸŒ™: HTML report generated at /var/folders/pv/kch72mrs6sq47gnqg973697r0000gn/T/download-test/test-report.html
[2025-05-11T00:50:06.873Z] âœ…: Tests completed
[2025-05-11T00:50:06.874Z] â³: Total: 6, Passed: 6, Failed: 0, Skipped: 0
[2025-05-11T00:50:06.874Z] â³: Stopping application...
[2025-05-11T00:50:06.874Z] ğŸ˜‡ğŸŒ™: Application stopped
[2025-05-11T00:50:06.899Z] ğŸ˜‡â˜€ï¸: Command completed successfully in 7169ms
[2025-05-11T00:50:06.909Z] ğŸ˜‡â˜€ï¸: Test passed: Download functionality (7186ms)
[2025-05-11T00:50:06.909Z] ğŸ˜‡ğŸŒˆ: Test suite passed: download-functionality (7186ms)
[2025-05-11T00:50:06.910Z] ğŸ”: Running test suite: environment-setup
[2025-05-11T00:50:06.910Z] â³: Running test: Environment variables
[2025-05-11T00:50:06.912Z] ğŸ”: Running command: node scripts/test-environment-variables.js
[2025-05-11T00:50:06.932Z] ğŸ‘‘ğŸ’¢: Command failed with code 1 in 20ms
[2025-05-11T00:50:06.932Z] ğŸ‘‘ğŸ’¢: Test failed: Environment variables (21ms)
[2025-05-11T00:50:06.932Z] â³: Running test: S3 bucket setup
[2025-05-11T00:50:06.933Z] ğŸ”: Running command: node scripts/test-s3-bucket.js
[2025-05-11T00:50:06.953Z] ğŸ‘‘ğŸ’¢: Command failed with code 1 in 20ms
[2025-05-11T00:50:06.953Z] ğŸ‘‘ğŸ’¢: Test failed: S3 bucket setup (21ms)
[2025-05-11T00:50:06.953Z] ğŸ‘‘â„ï¸: Test suite failed: environment-setup (43ms)
[2025-05-11T00:50:06.953Z] ğŸ”: Running test suite: build-process
[2025-05-11T00:50:06.953Z] â³: Running test: Prebuild process
[2025-05-11T00:50:06.954Z] ğŸ”: Running command: node scripts/test-prebuild-process.js
[2025-05-11T00:50:06.980Z] ğŸ‘‘ğŸ’¢: Command failed with code 1 in 26ms
[2025-05-11T00:50:06.980Z] ğŸ‘‘ğŸ’¢: Test failed: Prebuild process (27ms)
[2025-05-11T00:50:06.980Z] â³: Running test: Build process
[2025-05-11T00:50:06.980Z] ğŸ”: Running command: node scripts/test-build-process.js
[2025-05-11T00:50:07.004Z] ğŸ‘‘ğŸ’¢: Command failed with code 1 in 24ms
[2025-05-11T00:50:07.004Z] ğŸ‘‘ğŸ’¢: Test failed: Build process (24ms)
[2025-05-11T00:50:07.004Z] ğŸ‘‘â„ï¸: Test suite failed: build-process (51ms)
[2025-05-11T00:50:07.004Z] ğŸ”: Running test suite: deployment
[2025-05-11T00:50:07.004Z] â³: Running test: Standalone directory
[2025-05-11T00:50:07.005Z] ğŸ”: Running command: node scripts/test-standalone-directory.js
[2025-05-11T00:50:07.027Z] ğŸ‘‘ğŸ’¢: Command failed with code 1 in 22ms
[2025-05-11T00:50:07.028Z] ğŸ‘‘ğŸ’¢: Test failed: Standalone directory (24ms)
[2025-05-11T00:50:07.028Z] â³: Running test: Server startup
[2025-05-11T00:50:07.029Z] ğŸ”: Running command: node scripts/test-server-startup.js
[2025-05-11T00:50:07.052Z] ğŸ‘‘ğŸ’¢: Command failed with code 1 in 23ms
[2025-05-11T00:50:07.052Z] ğŸ‘‘ğŸ’¢: Test failed: Server startup (24ms)
[2025-05-11T00:50:07.053Z] ğŸ‘‘â„ï¸: Test suite failed: deployment (49ms)
[2025-05-11T00:50:07.055Z] âœ…: Test harness completed in 7885ms
[2025-05-11T00:50:07.055Z] âœ…: Total tests: 12
[2025-05-11T00:50:07.055Z] âœ…: Passed: 1
[2025-05-11T00:50:07.055Z] âœ…: Failed: 11
[2025-05-11T00:50:07.055Z] âœ…: Skipped: 0
[2025-05-11T00:50:07.055Z] âœ…: Test results saved to: /Users/bradygeorgen/Documents/workspace/pbradygeorgen/test-results/test-results-2025-05-11T00-49-59.159Z.json
[2025-05-11T00:50:07.055Z] ğŸ‘‘â„ï¸: Some tests failed
[2025-05-11T00:50:07.074Z] ğŸ‘‘â„ï¸: Test harness failed with code 1
[2025-05-11T00:50:07.074Z] ğŸ‘‘â„ï¸: Some tests failed
[2025-05-11T00:52:49.465Z] ğŸ”: Starting download functionality tests
[2025-05-11T00:52:49.471Z] ğŸ”: Starting application in production mode...
[2025-05-11T00:52:49.496Z] ğŸ”: Preparing environment for download tests...
[2025-05-11T00:52:49.524Z] â³: Prepare: ğŸ”§ Preparing environment for download functionality tests...
[2025-05-11T00:52:49.525Z] â³: Prepare: Creating resume_content_analyzed.json: /Users/bradygeorgen/Documents/workspace/pbradygeorgen/public/extracted/resume_content_analyzed.json
[2025-05-11T00:52:49.525Z] â³: Prepare: âœ… Environment prepared for download functionality tests
[2025-05-11T00:52:49.528Z] ğŸ˜‡ğŸŒ™: Environment prepared successfully
[2025-05-11T00:52:49.528Z] ğŸ˜‡ğŸŒ™: Environment prepared, starting application...
[2025-05-11T00:52:51.132Z] â³: App output: âœ… Server started successfully
[2025-05-11T00:52:51.182Z] â³: App output: ğŸ‰ Application started successfully!
[2025-05-11T00:52:51.231Z] â³: App output: [2m[2025-05-11T00:52:51.230Z][0m ğŸ˜‡â˜€ï¸: [92mServer started on port 3000[0m
[2025-05-11T00:52:51.231Z] â³: App output: [2m[2025-05-11T00:52:51.231Z][0m ğŸ˜‡â˜€ï¸: [92mServer started on port 3000[0m


[2m[2025-05-11T00:52:51.231Z][0m ğŸ˜‡ğŸŒˆ: [92mApplication started successfully on port 3000[0m


[1m[36m=== RECOMMENDATIONS ====[0m
[2m[2025-05-11T00:52:51.231Z][0m ğŸ˜‡â˜€ï¸: [92mServer started successfully[0m
[2m[2025-05-11T00:52:51.231Z][0m ğŸ§ âœ…: [32mContext: All server components initialized properly.[0m
[2m[2025-05-11T00:52:51.231Z][0m ğŸ§ âœ…: [32mThe application is running correctly and ready to process requests.[0m
[2m[2025-05-11T00:52:51.231Z][0m âš ï¸ğŸ’»: [33mJSON view page may not be loading correctly[0m
[2m[2025-05-11T00:52:51.231Z][0m ğŸ§ â³: [36mContext: The JSON view page displays the structured data extracted from the PDF in JSON format.[0m
[2m[2025-05-11T00:52:51.231Z][0m ğŸ§ â³: [36mReason: This warning typically occurs when the JSON data is not properly formatted or when the route handler encounters issues.[0m
[2m[2025-05-11T00:52:51.231Z][0m ğŸ§ â³: [36mRecommendation: This is a minor issue that doesn't affect the main functionality of the application. The JSON view is primarily used for debugging and development purposes.[0m
[2025-05-11T00:52:51.232Z] ğŸ˜‡ğŸŒ™: Application started successfully
[2025-05-11T00:52:56.280Z] ğŸ”: Starting test: Download pdf - Normal content download
[2025-05-11T00:52:56.286Z] ğŸ˜‡ğŸŒ™: Test "Download pdf - Normal content download": PASSED
[2025-05-11T00:52:56.286Z] ğŸ”: Starting test: Download markdown - Normal content download
[2025-05-11T00:52:56.393Z] ğŸ˜‡ğŸŒ™: Test "Download markdown - Normal content download": PASSED
[2025-05-11T00:52:56.395Z] ğŸ”: Starting test: Download text - Normal content download
[2025-05-11T00:52:56.396Z] ğŸ˜‡ğŸŒ™: Test "Download text - Normal content download": PASSED
[2025-05-11T00:52:56.396Z] ğŸ”: Starting test: Download pdf - Empty content download (error handling)
[2025-05-11T00:52:56.396Z] â³: Backed up and replaced public/extracted/resume_content.md
[2025-05-11T00:52:56.397Z] â³: Backed up and replaced public/extracted/resume_content_analyzed.json
[2025-05-11T00:52:56.399Z] ğŸ˜‡ğŸŒ™: Test "Download pdf - Empty content download (error handling)": PASSED
[2025-05-11T00:52:56.399Z] â³: Restored public/extracted/resume_content.md from backup
[2025-05-11T00:52:56.400Z] â³: Restored public/extracted/resume_content_analyzed.json from backup
[2025-05-11T00:52:56.400Z] ğŸ”: Starting test: Download markdown - Empty content download (error handling)
[2025-05-11T00:52:56.400Z] â³: Backed up and replaced public/extracted/resume_content.md
[2025-05-11T00:52:56.400Z] â³: Backed up and replaced public/extracted/resume_content_analyzed.json
[2025-05-11T00:52:56.401Z] ğŸ˜‡ğŸŒ™: Test "Download markdown - Empty content download (error handling)": PASSED
[2025-05-11T00:52:56.401Z] â³: Restored public/extracted/resume_content.md from backup
[2025-05-11T00:52:56.401Z] â³: Restored public/extracted/resume_content_analyzed.json from backup
[2025-05-11T00:52:56.401Z] ğŸ”: Starting test: Download text - Empty content download (error handling)
[2025-05-11T00:52:56.401Z] â³: Backed up and replaced public/extracted/resume_content.md
[2025-05-11T00:52:56.401Z] â³: Backed up and replaced public/extracted/resume_content_analyzed.json
[2025-05-11T00:52:56.402Z] ğŸ˜‡ğŸŒ™: Test "Download text - Empty content download (error handling)": PASSED
[2025-05-11T00:52:56.402Z] â³: Restored public/extracted/resume_content.md from backup
[2025-05-11T00:52:56.402Z] â³: Restored public/extracted/resume_content_analyzed.json from backup
[2025-05-11T00:52:56.408Z] ğŸ˜‡ğŸŒ™: Test report generated at /var/folders/pv/kch72mrs6sq47gnqg973697r0000gn/T/download-test/test-report.json
[2025-05-11T00:52:56.408Z] ğŸ˜‡ğŸŒ™: HTML report generated at /var/folders/pv/kch72mrs6sq47gnqg973697r0000gn/T/download-test/test-report.html
[2025-05-11T00:52:56.412Z] âœ…: Tests completed
[2025-05-11T00:52:56.412Z] â³: Total: 6, Passed: 6, Failed: 0, Skipped: 0
[2025-05-11T00:52:56.412Z] â³: Stopping application...
[2025-05-11T00:52:56.412Z] ğŸ˜‡ğŸŒ™: Application stopped
[2025-05-11T01:10:20.717Z] ğŸ”: Starting download functionality tests
[2025-05-11T01:10:20.731Z] ğŸ”: Starting application in production mode...
[2025-05-11T01:10:20.785Z] ğŸ”: Preparing environment for download tests...
[2025-05-11T01:10:20.806Z] â³: Prepare: ğŸ”§ Preparing environment for download functionality tests...
[2025-05-11T01:10:20.806Z] â³: Prepare: Creating resume_content_analyzed.json: /Users/bradygeorgen/Documents/workspace/pbradygeorgen/public/extracted/resume_content_analyzed.json
[2025-05-11T01:10:20.806Z] â³: Prepare: âœ… Environment prepared for download functionality tests
[2025-05-11T01:10:20.808Z] ğŸ˜‡ğŸŒ™: Environment prepared successfully
[2025-05-11T01:10:20.808Z] ğŸ˜‡ğŸŒ™: Environment prepared, starting application...
[2025-05-11T01:10:21.552Z] â³: App output: âœ… Server started successfully
[2025-05-11T01:10:21.571Z] â³: App output: ğŸ‰ Application started successfully!
[2025-05-11T01:10:21.600Z] â³: App output: [2m[2025-05-11T01:10:21.599Z][0m ğŸ˜‡â˜€ï¸: [92mServer started on port 3000[0m
[2025-05-11T01:10:21.600Z] â³: App output: [2m[2025-05-11T01:10:21.600Z][0m ğŸ˜‡â˜€ï¸: [92mServer started on port 3000[0m


[2m[2025-05-11T01:10:21.600Z][0m ğŸ˜‡ğŸŒˆ: [92mApplication started successfully on port 3000[0m


[1m[36m=== RECOMMENDATIONS ====[0m
[2m[2025-05-11T01:10:21.600Z][0m ğŸ˜‡â˜€ï¸: [92mServer started successfully[0m
[2025-05-11T01:10:21.601Z] â³: App output: [2m[2025-05-11T01:10:21.600Z][0m ğŸ§ âœ…: [32mContext: All server components initialized properly.[0m
[2m[2025-05-11T01:10:21.600Z][0m ğŸ§ âœ…: [32mThe application is running correctly and ready to process requests.[0m
[2m[2025-05-11T01:10:21.600Z][0m âš ï¸ğŸ’»: [33mJSON view page may not be loading correctly[0m
[2m[2025-05-11T01:10:21.600Z][0m ğŸ§ â³: [36mContext: The JSON view page displays the structured data extracted from the PDF in JSON format.[0m
[2m[2025-05-11T01:10:21.600Z][0m ğŸ§ â³: [36mReason: This warning typically occurs when the JSON data is not properly formatted or when the route handler encounters issues.[0m
[2025-05-11T01:10:21.601Z] ğŸ˜‡ğŸŒ™: Application started successfully
[2025-05-11T01:10:26.736Z] ğŸ”: Starting test: Download pdf - Normal content download
[2025-05-11T01:10:26.787Z] ğŸ˜‡ğŸŒ™: Test "Download pdf - Normal content download": PASSED
[2025-05-11T01:10:26.788Z] ğŸ”: Starting test: Download markdown - Normal content download
[2025-05-11T01:10:26.978Z] ğŸ˜‡ğŸŒ™: Test "Download markdown - Normal content download": PASSED
[2025-05-11T01:10:26.979Z] ğŸ”: Starting test: Download text - Normal content download
[2025-05-11T01:10:27.404Z] ğŸ˜‡ğŸŒ™: Test "Download text - Normal content download": PASSED
[2025-05-11T01:10:27.408Z] ğŸ”: Starting test: Download pdf - Empty content download (error handling)
[2025-05-11T01:10:27.412Z] â³: Backed up and replaced public/extracted/resume_content.md
[2025-05-11T01:10:27.414Z] â³: Backed up and replaced public/extracted/resume_content_analyzed.json
[2025-05-11T01:10:27.416Z] ğŸ˜‡ğŸŒ™: Test "Download pdf - Empty content download (error handling)": PASSED
[2025-05-11T01:10:27.419Z] â³: Restored public/extracted/resume_content.md from backup
[2025-05-11T01:10:27.422Z] â³: Restored public/extracted/resume_content_analyzed.json from backup
[2025-05-11T01:10:27.422Z] ğŸ”: Starting test: Download markdown - Empty content download (error handling)
[2025-05-11T01:10:27.423Z] â³: Backed up and replaced public/extracted/resume_content.md
[2025-05-11T01:10:27.425Z] â³: Backed up and replaced public/extracted/resume_content_analyzed.json
[2025-05-11T01:10:27.430Z] ğŸ˜‡ğŸŒ™: Test "Download markdown - Empty content download (error handling)": PASSED
[2025-05-11T01:10:27.431Z] â³: Restored public/extracted/resume_content.md from backup
[2025-05-11T01:10:27.433Z] â³: Restored public/extracted/resume_content_analyzed.json from backup
[2025-05-11T01:10:27.433Z] ğŸ”: Starting test: Download text - Empty content download (error handling)
[2025-05-11T01:10:27.434Z] â³: Backed up and replaced public/extracted/resume_content.md
[2025-05-11T01:10:27.438Z] â³: Backed up and replaced public/extracted/resume_content_analyzed.json
[2025-05-11T01:10:27.440Z] ğŸ˜‡ğŸŒ™: Test "Download text - Empty content download (error handling)": PASSED
[2025-05-11T01:10:27.440Z] â³: Restored public/extracted/resume_content.md from backup
[2025-05-11T01:10:27.441Z] â³: Restored public/extracted/resume_content_analyzed.json from backup
[2025-05-11T01:10:27.466Z] ğŸ˜‡ğŸŒ™: Test report generated at /var/folders/pv/kch72mrs6sq47gnqg973697r0000gn/T/download-test/test-report.json
[2025-05-11T01:10:27.467Z] ğŸ˜‡ğŸŒ™: HTML report generated at /var/folders/pv/kch72mrs6sq47gnqg973697r0000gn/T/download-test/test-report.html
[2025-05-11T01:10:27.595Z] âœ…: Tests completed
[2025-05-11T01:10:27.597Z] â³: Total: 6, Passed: 6, Failed: 0, Skipped: 0
[2025-05-11T01:10:27.599Z] â³: Stopping application...
[2025-05-11T01:10:27.623Z] ğŸ˜‡ğŸŒ™: Application stopped
